Brownie v1.19.0 - Python development framework for Ethereum

VaultsProject is the active project.

Launching 'ganache-cli --chain.vmErrorsOnRPCResponse true --server.port 8545 --miner.blockGasLimit 12000000 --wallet.totalAccounts 10 --hardfork london --wallet.mnemonic brownie --chain.allowUnlimitedContractSize'...

Running 'scripts/show_gas_usage_cpmmv2.py::main'...
----- 1: Join (Initial) -----

 MockVault.callJoinPoolGyro (74,633 / 195,754)
└─(C)─ GyroTwoPool.onJoinPool (4,825 / 121,121)
    │─(I)─ ExtensibleWeightedPool2Tokens.onJoinPool (22,492 / 37,103)
    │   │─(I)─ BalancerPoolToken.getVault (23 / 23)
    │   │─(I)─ _require (30 / 30)
    │   │─(I)─ ExtensibleWeightedPool2Tokens.getPoolId (23 / 23)
    │   │─(I)─ _require (30 / 30)
    │   │─(I)─ TemporarilyPausable._ensureNotPaused (42 / 2,296)
    │   │   │─(I)─ TemporarilyPausable._isNotPaused (2,201 / 2,224)
    │   │   │   └─(I)─ TemporarilyPausable._getBufferPeriodEndTime (23 / 23)
    │   │   └─(I)─ _require (30 / 30)
    │   │─(I)─ ERC20.totalSupply (2,123 / 2,123)
    │   │─(I)─ GyroTwoPool._onInitializePool (444 / 2,958)
    │   │   │─(I)─ WeightedPoolUserDataHelpers.joinKind (249 / 249)
    │   │   │─(I)─ _require (30 / 30)
    │   │   │─(I)─ WeightedPoolUserDataHelpers.initialAmountsIn (1,202 / 1,202)
    │   │   │─(I)─ InputHelpers.ensureInputLengthMatch (40 / 70)
    │   │   │   └─(I)─ _require (30 / 30)
    │   │   │─(I)─ ExtensibleWeightedPool2Tokens._upscaleArray (305 / 729)
    │   │   │   │─(I)─ ExtensibleWeightedPool2Tokens._scalingFactor (46 / 46)
    │   │   │   │─(I)─ Math.mul (131 / 161)
    │   │   │   │   └─(I)─ _require (30 / 30)
    │   │   │   │─(I)─ ExtensibleWeightedPool2Tokens._scalingFactor (56 / 56)
    │   │   │   └─(I)─ Math.mul (131 / 161)
    │   │   │       └─(I)─ _require (30 / 30)
    │   │   │─(I)─ GyroTwoPool._sqrtParameters (178 / 178)
    │   │   └─(I)─ GyroTwoPool._sqrtParameters (56 / 56)
    │   │─(I)─ GyroTwoMath._calculateInvariant (120 / 6,967)
    │   │   │─(I)─ GyroTwoMath._calculateQuadraticTerms (1,223 / 3,790)
    │   │   │   │─(I)─ GyroFixedPoint.divDown (177 / 177)
    │   │   │   │─(I)─ GyroFixedPoint.sub (75 / 75)
    │   │   │   │─(I)─ GyroFixedPoint.divDown (177 / 177)
    │   │   │   │─(I)─ GyroFixedPoint.mulDown (152 / 152)
    │   │   │   │─(I)─ GyroFixedPoint.add (75 / 75)
    │   │   │   │─(I)─ GyroFixedPoint.mulDown (152 / 152)
    │   │   │   │─(I)─ GyroFixedPoint.mulDown (152 / 152)
    │   │   │   │─(I)─ GyroFixedPoint.mulDown (152 / 152)
    │   │   │   │─(I)─ GyroFixedPoint.mulDown (152 / 152)
    │   │   │   │─(I)─ GyroFixedPoint.mulDown (152 / 152)
    │   │   │   │─(I)─ GyroFixedPoint.mulDown (152 / 152)
    │   │   │   │─(I)─ GyroFixedPoint.mulDown (152 / 152)
    │   │   │   │─(I)─ GyroFixedPoint.divDown (177 / 177)
    │   │   │   │─(I)─ GyroFixedPoint.mulUp (191 / 191)
    │   │   │   │─(I)─ GyroFixedPoint.mulDown (152 / 152)
    │   │   │   │─(I)─ GyroFixedPoint.divDown (177 / 177)
    │   │   │   │─(I)─ GyroFixedPoint.add (75 / 75)
    │   │   │   └─(I)─ GyroFixedPoint.add (75 / 75)
    │   │   └─(I)─ GyroTwoMath._calculateQuadratic (331 / 3,057)
    │   │       │─(I)─ GyroFixedPoint.mulUp (191 / 191)
    │   │       │─(I)─ GyroFixedPoint.mulDown (152 / 152)
    │   │       │─(I)─ GyroFixedPoint.mulDown (152 / 152)
    │   │       │─(I)─ GyroFixedPoint.add (75 / 75)
    │   │       │─(I)─ GyroPoolMath._sqrt (827 / 1,904)
    │   │       │   │─(I)─ GyroPoolMath._makeInitialGuess (119 / 393)
    │   │       │   │   └─(I)─ GyroPoolMath._intLog2Halved (274 / 274)
    │   │       │   │─(I)─ GyroFixedPoint.mulDown (152 / 152)
    │   │       │   │─(I)─ GyroFixedPoint.mulUp (191 / 191)
    │   │       │   │─(I)─ GyroFixedPoint.add (75 / 75)
    │   │       │   │─(I)─ GyroFixedPoint.mulUp (191 / 191)
    │   │       │   └─(I)─ GyroFixedPoint.sub (75 / 75)
    │   │       │─(I)─ GyroFixedPoint.add (75 / 75)
    │   │       └─(I)─ GyroFixedPoint.divDown (177 / 177)
    │   └─(I)─ Math.mul (131 / 161)
    │       └─(I)─ _require (30 / 30)
    │─(I)─ _require (30 / 30)
    │─(I)─ BalancerPoolToken._mintPoolTokens (34 / 44,734)
    │   └─(I)─ ERC20._mint (44,467 / 44,700)
    │       │─(I)─ ERC20._beforeTokenTransfer (15 / 15)
    │       │─(I)─ SafeMath.add (79 / 109)
    │       │   └─(I)─ _require (30 / 30)
    │       └─(I)─ SafeMath.add (79 / 109)
    │           └─(I)─ _require (30 / 30)
    │─(I)─ BalancerPoolToken._mintPoolTokens (34 / 24,831)
    │   └─(I)─ ERC20._mint (24,564 / 24,797)
    │       │─(I)─ ERC20._beforeTokenTransfer (15 / 15)
    │       │─(I)─ SafeMath.add (79 / 109)
    │       │   └─(I)─ _require (30 / 30)
    │       └─(I)─ SafeMath.add (79 / 109)
    │           └─(I)─ _require (30 / 30)
    │─(I)─ ExtensibleWeightedPool2Tokens._downscaleUpArray (305 / 715)
    │   │─(I)─ ExtensibleWeightedPool2Tokens._scalingFactor (46 / 46)
    │   │─(I)─ Math.divUp (124 / 154)
    │   │   └─(I)─ _require (30 / 30)
    │   │─(I)─ ExtensibleWeightedPool2Tokens._scalingFactor (56 / 56)
    │   └─(I)─ Math.divUp (124 / 154)
    │       └─(I)─ _require (30 / 30)
    └─(I)─ ExtensibleWeightedPool2Tokens._cacheInvariantAndSupply (5,295 / 8,883)
        │─(I)─ WeightedPool2TokensMiscData.oracleEnabled (61 / 118)
        │   └─(I)─ WordCodec.decodeBool (57 / 57)
        │─(I)─ LogCompression.toLowResLog (124 / 1,530)
        │   └─(I)─ LogExpMath.ln (140 / 1,406)
        │       │─(I)─ _require (30 / 30)
        │       └─(I)─ LogExpMath._ln (1,236 / 1,236)
        │─(I)─ WeightedPool2TokensMiscData.setLogInvariant (69 / 171)
        │   └─(I)─ WordCodec.insertInt22 (102 / 102)
        │─(I)─ ERC20.totalSupply (123 / 123)
        │─(I)─ LogCompression.toLowResLog (124 / 1,475)
        │   └─(I)─ LogExpMath.ln (140 / 1,351)
        │       │─(I)─ _require (30 / 30)
        │       └─(I)─ LogExpMath._ln (1,181 / 1,181)
        └─(I)─ WeightedPool2TokensMiscData.setLogTotalSupply (69 / 171)
            └─(I)─ WordCodec.insertInt22 (102 / 102)


----- 2: Join (Non-Initial After Initial) -----

 MockVault.callJoinPoolGyro (39,158 / 147,266)
└─(C)─ GyroTwoPool.onJoinPool (3,369 / 108,108)
    │─(I)─ ExtensibleWeightedPool2Tokens.onJoinPool (6,198 / 70,509)
    │   │─(I)─ BalancerPoolToken.getVault (23 / 23)
    │   │─(I)─ _require (30 / 30)
    │   │─(I)─ ExtensibleWeightedPool2Tokens.getPoolId (23 / 23)
    │   │─(I)─ _require (30 / 30)
    │   │─(I)─ TemporarilyPausable._ensureNotPaused (42 / 152)
    │   │   │─(I)─ TemporarilyPausable._isNotPaused (57 / 80)
    │   │   │   └─(I)─ TemporarilyPausable._getBufferPeriodEndTime (23 / 23)
    │   │   └─(I)─ _require (30 / 30)
    │   │─(I)─ ERC20.totalSupply (2,123 / 2,123)
    │   │─(I)─ ExtensibleWeightedPool2Tokens._upscaleArray (305 / 729)
    │   │   │─(I)─ ExtensibleWeightedPool2Tokens._scalingFactor (46 / 46)
    │   │   │─(I)─ Math.mul (131 / 161)
    │   │   │   └─(I)─ _require (30 / 30)
    │   │   │─(I)─ ExtensibleWeightedPool2Tokens._scalingFactor (56 / 56)
    │   │   └─(I)─ Math.mul (131 / 161)
    │   │       └─(I)─ _require (30 / 30)
    │   │─(I)─ GyroTwoPool._updateOracle (15 / 15)
    │   │─(I)─ GyroTwoPool._onJoinPool (271 / 505)
    │   │   │─(I)─ GyroTwoPool._sqrtParameters (178 / 178)
    │   │   └─(I)─ GyroTwoPool._sqrtParameters (56 / 56)
    │   │─(I)─ GyroTwoMath._calculateInvariant (120 / 6,967)
    │   │   │─(I)─ GyroTwoMath._calculateQuadraticTerms (1,223 / 3,790)
    │   │   │   │─(I)─ GyroFixedPoint.divDown (177 / 177)
    │   │   │   │─(I)─ GyroFixedPoint.sub (75 / 75)
    │   │   │   │─(I)─ GyroFixedPoint.divDown (177 / 177)
    │   │   │   │─(I)─ GyroFixedPoint.mulDown (152 / 152)
    │   │   │   │─(I)─ GyroFixedPoint.add (75 / 75)
    │   │   │   │─(I)─ GyroFixedPoint.mulDown (152 / 152)
    │   │   │   │─(I)─ GyroFixedPoint.mulDown (152 / 152)
    │   │   │   │─(I)─ GyroFixedPoint.mulDown (152 / 152)
    │   │   │   │─(I)─ GyroFixedPoint.mulDown (152 / 152)
    │   │   │   │─(I)─ GyroFixedPoint.mulDown (152 / 152)
    │   │   │   │─(I)─ GyroFixedPoint.mulDown (152 / 152)
    │   │   │   │─(I)─ GyroFixedPoint.mulDown (152 / 152)
    │   │   │   │─(I)─ GyroFixedPoint.divDown (177 / 177)
    │   │   │   │─(I)─ GyroFixedPoint.mulUp (191 / 191)
    │   │   │   │─(I)─ GyroFixedPoint.mulDown (152 / 152)
    │   │   │   │─(I)─ GyroFixedPoint.divDown (177 / 177)
    │   │   │   │─(I)─ GyroFixedPoint.add (75 / 75)
    │   │   │   └─(I)─ GyroFixedPoint.add (75 / 75)
    │   │   └─(I)─ GyroTwoMath._calculateQuadratic (331 / 3,057)
    │   │       │─(I)─ GyroFixedPoint.mulUp (191 / 191)
    │   │       │─(I)─ GyroFixedPoint.mulDown (152 / 152)
    │   │       │─(I)─ GyroFixedPoint.mulDown (152 / 152)
    │   │       │─(I)─ GyroFixedPoint.add (75 / 75)
    │   │       │─(I)─ GyroPoolMath._sqrt (827 / 1,904)
    │   │       │   │─(I)─ GyroPoolMath._makeInitialGuess (119 / 393)
    │   │       │   │   └─(I)─ GyroPoolMath._intLog2Halved (274 / 274)
    │   │       │   │─(I)─ GyroFixedPoint.mulDown (152 / 152)
    │   │       │   │─(I)─ GyroFixedPoint.mulUp (191 / 191)
    │   │       │   │─(I)─ GyroFixedPoint.add (75 / 75)
    │   │       │   │─(I)─ GyroFixedPoint.mulUp (191 / 191)
    │   │       │   └─(I)─ GyroFixedPoint.sub (75 / 75)
    │   │       │─(I)─ GyroFixedPoint.add (75 / 75)
    │   │       └─(I)─ GyroFixedPoint.divDown (177 / 177)
    │   │─(I)─ GyroTwoPool._getVirtualParameters (367 / 968)
    │   │   │─(I)─ GyroTwoPool._virtualParameters (68 / 308)
    │   │   │   └─(I)─ GyroTwoMath._calculateVirtualParameter0 (63 / 240)
    │   │   │       └─(I)─ GyroFixedPoint.divDown (177 / 177)
    │   │   └─(I)─ GyroTwoPool._virtualParameters (78 / 293)
    │   │       └─(I)─ GyroTwoMath._calculateVirtualParameter1 (63 / 215)
    │   │           └─(I)─ GyroFixedPoint.mulDown (152 / 152)
    │   │─(I)─ GyroTwoPool._updateOracle (5,418 / 37,458)
    │   │   │─(I)─ WeightedPool2TokensMiscData.oracleEnabled (61 / 118)
    │   │   │   └─(I)─ WordCodec.decodeBool (57 / 57)
    │   │   │─(I)─ GyroTwoOracleMath._calcLogSpotPrice (86 / 2,086)
    │   │   │   │─(I)─ GyroTwoOracleMath._calcSpotPrice (212 / 929)
    │   │   │   │   │─(I)─ GyroFixedPoint.add (75 / 75)
    │   │   │   │   │─(I)─ GyroFixedPoint.divUp (189 / 189)
    │   │   │   │   │─(I)─ GyroFixedPoint.add (75 / 75)
    │   │   │   │   │─(I)─ GyroFixedPoint.divUp (189 / 189)
    │   │   │   │   └─(I)─ GyroFixedPoint.divUp (189 / 189)
    │   │   │   └─(I)─ LogCompression.toLowResLog (124 / 1,071)
    │   │   │       └─(I)─ LogExpMath.ln (175 / 947)
    │   │   │           │─(I)─ _require (30 / 30)
    │   │   │           └─(I)─ LogExpMath._ln_36 (742 / 742)
    │   │   │─(I)─ WeightedPool2TokensMiscData.logTotalSupply (61 / 159)
    │   │   │   └─(I)─ WordCodec.decodeInt22 (98 / 98)
    │   │   │─(I)─ GyroTwoOracleMath._calcLogBPTPrice (186 / 2,801)
    │   │   │   │─(I)─ GyroTwoOracleMath._calcSpotPrice (212 / 929)
    │   │   │   │   │─(I)─ GyroFixedPoint.add (75 / 75)
    │   │   │   │   │─(I)─ GyroFixedPoint.divUp (189 / 189)
    │   │   │   │   │─(I)─ GyroFixedPoint.add (75 / 75)
    │   │   │   │   │─(I)─ GyroFixedPoint.divUp (189 / 189)
    │   │   │   │   └─(I)─ GyroFixedPoint.divUp (189 / 189)
    │   │   │   │─(I)─ GyroFixedPoint.mulUp (191 / 191)
    │   │   │   │─(I)─ GyroFixedPoint.add (75 / 75)
    │   │   │   └─(I)─ LogCompression.toLowResLog (124 / 1,420)
    │   │   │       └─(I)─ LogExpMath.ln (140 / 1,296)
    │   │   │           │─(I)─ _require (30 / 30)
    │   │   │           └─(I)─ LogExpMath._ln (1,126 / 1,126)
    │   │   │─(I)─ WeightedPool2TokensMiscData.oracleIndex (61 / 112)
    │   │   │   └─(I)─ WordCodec.decodeUint10 (51 / 51)
    │   │   │─(I)─ WeightedPool2TokensMiscData.oracleSampleCreationTimestamp (61 / 112)
    │   │   │   └─(I)─ WordCodec.decodeUint31 (51 / 51)
    │   │   │─(I)─ WeightedPool2TokensMiscData.logInvariant (61 / 159)
    │   │   │   └─(I)─ WordCodec.decodeInt22 (98 / 98)
    │   │   │─(I)─ PoolPriceOracle._processPriceData (22,374 / 26,163)
    │   │   │   │─(I)─ PoolPriceOracle._getSample (2,206 / 2,206)
    │   │   │   │─(I)─ Samples.update (229 / 1,476)
    │   │   │   │   │─(I)─ Samples.timestamp (61 / 112)
    │   │   │   │   │   └─(I)─ WordCodec.decodeUint31 (51 / 51)
    │   │   │   │   │─(I)─ Samples._accLogPairPrice (61 / 159)
    │   │   │   │   │   └─(I)─ WordCodec.decodeInt53 (98 / 98)
    │   │   │   │   │─(I)─ Samples._accLogBptPrice (61 / 159)
    │   │   │   │   │   └─(I)─ WordCodec.decodeInt53 (98 / 98)
    │   │   │   │   │─(I)─ Samples._accLogInvariant (61 / 159)
    │   │   │   │   │   └─(I)─ WordCodec.decodeInt53 (98 / 98)
    │   │   │   │   └─(I)─ Samples.pack (307 / 658)
    │   │   │   │       │─(I)─ WordCodec.encodeUint (45 / 45)
    │   │   │   │       │─(I)─ WordCodec.encodeInt53 (51 / 51)
    │   │   │   │       │─(I)─ WordCodec.encodeInt22 (51 / 51)
    │   │   │   │       │─(I)─ WordCodec.encodeInt53 (51 / 51)
    │   │   │   │       │─(I)─ WordCodec.encodeInt22 (51 / 51)
    │   │   │   │       │─(I)─ WordCodec.encodeInt53 (51 / 51)
    │   │   │   │       └─(I)─ WordCodec.encodeInt22 (51 / 51)
    │   │   │   └─(I)─ Buffer.next (46 / 107)
    │   │   │       └─(I)─ Buffer.add (61 / 61)
    │   │   │─(I)─ WeightedPool2TokensMiscData.setOracleIndex (69 / 165)
    │   │   │   └─(I)─ WordCodec.insertUint10 (96 / 96)
    │   │   └─(I)─ WeightedPool2TokensMiscData.setOracleSampleCreationTimestamp (69 / 165)
    │   │       └─(I)─ WordCodec.insertUint31 (96 / 96)
    │   │─(I)─ GyroTwoPool._distributeFees (2,199 / 11,955)
    │   │   │─(I)─ GyroTwoPool._getDueProtocolFeeAmounts (164 / 9,687)
    │   │   │   └─(I)─ GyroTwoPool._getFeesMetadata (9,523 / 9,523)
    │   │   └─(I)─ GyroTwoPool._payFeesBpt (69 / 69)
    │   │─(I)─ GyroTwoPool._doJoin (186 / 2,578)
    │   │   │─(I)─ WeightedPoolUserDataHelpers.joinKind (249 / 249)
    │   │   └─(I)─ GyroTwoPool._joinAllTokensInForExactBPTOut (118 / 2,143)
    │   │       │─(I)─ WeightedPoolUserDataHelpers.allTokensInForExactBptOut (430 / 430)
    │   │       │─(I)─ ERC20.totalSupply (123 / 123)
    │   │       └─(I)─ GyroPoolMath._calcAllTokensInGivenExactBptOut (712 / 1,472)
    │   │           │─(I)─ GyroFixedPoint.mulUp (191 / 191)
    │   │           │─(I)─ GyroFixedPoint.divUp (189 / 189)
    │   │           │─(I)─ GyroFixedPoint.mulUp (191 / 191)
    │   │           └─(I)─ GyroFixedPoint.divUp (189 / 189)
    │   │─(I)─ ERC20.totalSupply (123 / 123)
    │   └─(I)─ GyroPoolMath.liquidityInvariantUpdate (177 / 632)
    │       │─(I)─ GyroFixedPoint.mulUp (191 / 191)
    │       │─(I)─ GyroFixedPoint.divUp (189 / 189)
    │       └─(I)─ GyroFixedPoint.add (75 / 75)
    │─(S)─ MockGyroConfig.getUint (327 / 327)
    │─(S)─ MockGyroConfig.getUint (337 / 337)
    │─(S)─ MockGyroConfig.getAddress (276 / 276)
    │─(S)─ MockGyroConfig.getAddress (276 / 276)
    │─(I)─ BalancerPoolToken._mintPoolTokens (34 / 27,634)
    │   └─(I)─ ERC20._mint (27,367 / 27,600)
    │       │─(I)─ ERC20._beforeTokenTransfer (15 / 15)
    │       │─(I)─ SafeMath.add (79 / 109)
    │       │   └─(I)─ _require (30 / 30)
    │       └─(I)─ SafeMath.add (79 / 109)
    │           └─(I)─ _require (30 / 30)
    │─(I)─ ExtensibleWeightedPool2Tokens._downscaleUpArray (305 / 715)
    │   │─(I)─ ExtensibleWeightedPool2Tokens._scalingFactor (46 / 46)
    │   │─(I)─ Math.divUp (124 / 154)
    │   │   └─(I)─ _require (30 / 30)
    │   │─(I)─ ExtensibleWeightedPool2Tokens._scalingFactor (56 / 56)
    │   └─(I)─ Math.divUp (124 / 154)
    │       └─(I)─ _require (30 / 30)
    │─(I)─ ExtensibleWeightedPool2Tokens._downscaleDownArray (305 / 637)
    │   │─(I)─ ExtensibleWeightedPool2Tokens._scalingFactor (46 / 46)
    │   │─(I)─ Math.divDown (85 / 115)
    │   │   └─(I)─ _require (30 / 30)
    │   │─(I)─ ExtensibleWeightedPool2Tokens._scalingFactor (56 / 56)
    │   └─(I)─ Math.divDown (85 / 115)
    │       └─(I)─ _require (30 / 30)
    └─(I)─ ExtensibleWeightedPool2Tokens._cacheInvariantAndSupply (495 / 4,028)
        │─(I)─ WeightedPool2TokensMiscData.oracleEnabled (61 / 118)
        │   └─(I)─ WordCodec.decodeBool (57 / 57)
        │─(I)─ LogCompression.toLowResLog (124 / 1,420)
        │   └─(I)─ LogExpMath.ln (140 / 1,296)
        │       │─(I)─ _require (30 / 30)
        │       └─(I)─ LogExpMath._ln (1,126 / 1,126)
        │─(I)─ WeightedPool2TokensMiscData.setLogInvariant (69 / 171)
        │   └─(I)─ WordCodec.insertInt22 (102 / 102)
        │─(I)─ ERC20.totalSupply (123 / 123)
        │─(I)─ LogCompression.toLowResLog (124 / 1,530)
        │   └─(I)─ LogExpMath.ln (140 / 1,406)
        │       │─(I)─ _require (30 / 30)
        │       └─(I)─ LogExpMath._ln (1,236 / 1,236)
        └─(I)─ WeightedPool2TokensMiscData.setLogTotalSupply (69 / 171)
            └─(I)─ WordCodec.insertInt22 (102 / 102)


----- 3: Swap (After Join) -----

 MockVault.callMinimalGyroPoolSwap (21,686 / 53,243)
└─(C)─ GyroTwoPool.onSwap (4,356 / 31,557)
    │─(I)─ TemporarilyPausable._ensureNotPaused (42 / 152)
    │   │─(I)─ TemporarilyPausable._isNotPaused (57 / 80)
    │   │   └─(I)─ TemporarilyPausable._getBufferPeriodEndTime (23 / 23)
    │   └─(I)─ _require (30 / 30)
    │─(I)─ BalancerPoolToken.getVault (23 / 23)
    │─(I)─ _require (30 / 30)
    │─(I)─ ExtensibleWeightedPool2Tokens.getPoolId (23 / 23)
    │─(I)─ _require (30 / 30)
    │─(I)─ ExtensibleWeightedPool2Tokens._scalingFactor (46 / 46)
    │─(I)─ ExtensibleWeightedPool2Tokens._scalingFactor (56 / 56)
    │─(I)─ ExtensibleWeightedPool2Tokens._upscale (48 / 209)
    │   └─(I)─ Math.mul (131 / 161)
    │       └─(I)─ _require (30 / 30)
    │─(I)─ ExtensibleWeightedPool2Tokens._upscale (48 / 209)
    │   └─(I)─ Math.mul (131 / 161)
    │       └─(I)─ _require (30 / 30)
    │─(I)─ GyroTwoPool._calculateCurrentValues (615 / 849)
    │   │─(I)─ GyroTwoPool._sqrtParameters (178 / 178)
    │   └─(I)─ GyroTwoPool._sqrtParameters (56 / 56)
    │─(I)─ GyroTwoMath._calculateInvariant (120 / 6,967)
    │   │─(I)─ GyroTwoMath._calculateQuadraticTerms (1,223 / 3,790)
    │   │   │─(I)─ GyroFixedPoint.divDown (177 / 177)
    │   │   │─(I)─ GyroFixedPoint.sub (75 / 75)
    │   │   │─(I)─ GyroFixedPoint.divDown (177 / 177)
    │   │   │─(I)─ GyroFixedPoint.mulDown (152 / 152)
    │   │   │─(I)─ GyroFixedPoint.add (75 / 75)
    │   │   │─(I)─ GyroFixedPoint.mulDown (152 / 152)
    │   │   │─(I)─ GyroFixedPoint.mulDown (152 / 152)
    │   │   │─(I)─ GyroFixedPoint.mulDown (152 / 152)
    │   │   │─(I)─ GyroFixedPoint.mulDown (152 / 152)
    │   │   │─(I)─ GyroFixedPoint.mulDown (152 / 152)
    │   │   │─(I)─ GyroFixedPoint.mulDown (152 / 152)
    │   │   │─(I)─ GyroFixedPoint.mulDown (152 / 152)
    │   │   │─(I)─ GyroFixedPoint.divDown (177 / 177)
    │   │   │─(I)─ GyroFixedPoint.mulUp (191 / 191)
    │   │   │─(I)─ GyroFixedPoint.mulDown (152 / 152)
    │   │   │─(I)─ GyroFixedPoint.divDown (177 / 177)
    │   │   │─(I)─ GyroFixedPoint.add (75 / 75)
    │   │   └─(I)─ GyroFixedPoint.add (75 / 75)
    │   └─(I)─ GyroTwoMath._calculateQuadratic (331 / 3,057)
    │       │─(I)─ GyroFixedPoint.mulUp (191 / 191)
    │       │─(I)─ GyroFixedPoint.mulDown (152 / 152)
    │       │─(I)─ GyroFixedPoint.mulDown (152 / 152)
    │       │─(I)─ GyroFixedPoint.add (75 / 75)
    │       │─(I)─ GyroPoolMath._sqrt (827 / 1,904)
    │       │   │─(I)─ GyroPoolMath._makeInitialGuess (119 / 393)
    │       │   │   └─(I)─ GyroPoolMath._intLog2Halved (274 / 274)
    │       │   │─(I)─ GyroFixedPoint.mulDown (152 / 152)
    │       │   │─(I)─ GyroFixedPoint.mulUp (191 / 191)
    │       │   │─(I)─ GyroFixedPoint.add (75 / 75)
    │       │   │─(I)─ GyroFixedPoint.mulUp (191 / 191)
    │       │   └─(I)─ GyroFixedPoint.sub (75 / 75)
    │       │─(I)─ GyroFixedPoint.add (75 / 75)
    │       └─(I)─ GyroFixedPoint.divDown (177 / 177)
    │─(I)─ GyroTwoPool._getVirtualParameters (367 / 968)
    │   │─(I)─ GyroTwoPool._virtualParameters (68 / 308)
    │   │   └─(I)─ GyroTwoMath._calculateVirtualParameter0 (63 / 240)
    │   │       └─(I)─ GyroFixedPoint.divDown (177 / 177)
    │   └─(I)─ GyroTwoPool._virtualParameters (78 / 293)
    │       └─(I)─ GyroTwoMath._calculateVirtualParameter1 (63 / 215)
    │           └─(I)─ GyroFixedPoint.mulDown (152 / 152)
    │─(I)─ GyroTwoPool._updateOracle (2,423 / 14,930)
    │   │─(I)─ WeightedPool2TokensMiscData.oracleEnabled (61 / 118)
    │   │   └─(I)─ WordCodec.decodeBool (57 / 57)
    │   │─(I)─ GyroTwoOracleMath._calcLogSpotPrice (86 / 2,086)
    │   │   │─(I)─ GyroTwoOracleMath._calcSpotPrice (212 / 929)
    │   │   │   │─(I)─ GyroFixedPoint.add (75 / 75)
    │   │   │   │─(I)─ GyroFixedPoint.divUp (189 / 189)
    │   │   │   │─(I)─ GyroFixedPoint.add (75 / 75)
    │   │   │   │─(I)─ GyroFixedPoint.divUp (189 / 189)
    │   │   │   └─(I)─ GyroFixedPoint.divUp (189 / 189)
    │   │   └─(I)─ LogCompression.toLowResLog (124 / 1,071)
    │   │       └─(I)─ LogExpMath.ln (175 / 947)
    │   │           │─(I)─ _require (30 / 30)
    │   │           └─(I)─ LogExpMath._ln_36 (742 / 742)
    │   │─(I)─ WeightedPool2TokensMiscData.logTotalSupply (61 / 159)
    │   │   └─(I)─ WordCodec.decodeInt22 (98 / 98)
    │   │─(I)─ GyroTwoOracleMath._calcLogBPTPrice (186 / 2,911)
    │   │   │─(I)─ GyroTwoOracleMath._calcSpotPrice (212 / 929)
    │   │   │   │─(I)─ GyroFixedPoint.add (75 / 75)
    │   │   │   │─(I)─ GyroFixedPoint.divUp (189 / 189)
    │   │   │   │─(I)─ GyroFixedPoint.add (75 / 75)
    │   │   │   │─(I)─ GyroFixedPoint.divUp (189 / 189)
    │   │   │   └─(I)─ GyroFixedPoint.divUp (189 / 189)
    │   │   │─(I)─ GyroFixedPoint.mulUp (191 / 191)
    │   │   │─(I)─ GyroFixedPoint.add (75 / 75)
    │   │   └─(I)─ LogCompression.toLowResLog (124 / 1,530)
    │   │       └─(I)─ LogExpMath.ln (140 / 1,406)
    │   │           │─(I)─ _require (30 / 30)
    │   │           └─(I)─ LogExpMath._ln (1,236 / 1,236)
    │   │─(I)─ WeightedPool2TokensMiscData.oracleIndex (61 / 112)
    │   │   └─(I)─ WordCodec.decodeUint10 (51 / 51)
    │   │─(I)─ WeightedPool2TokensMiscData.oracleSampleCreationTimestamp (61 / 112)
    │   │   └─(I)─ WordCodec.decodeUint31 (51 / 51)
    │   │─(I)─ WeightedPool2TokensMiscData.logInvariant (61 / 159)
    │   │   └─(I)─ WordCodec.decodeInt22 (98 / 98)
    │   └─(I)─ PoolPriceOracle._processPriceData (3,169 / 6,850)
    │       │─(I)─ PoolPriceOracle._getSample (2,206 / 2,206)
    │       └─(I)─ Samples.update (229 / 1,475)
    │           │─(I)─ Samples.timestamp (61 / 112)
    │           │   └─(I)─ WordCodec.decodeUint31 (51 / 51)
    │           │─(I)─ Samples._accLogPairPrice (61 / 159)
    │           │   └─(I)─ WordCodec.decodeInt53 (98 / 98)
    │           │─(I)─ Samples._accLogBptPrice (61 / 158)
    │           │   └─(I)─ WordCodec.decodeInt53 (97 / 97)
    │           │─(I)─ Samples._accLogInvariant (61 / 159)
    │           │   └─(I)─ WordCodec.decodeInt53 (98 / 98)
    │           └─(I)─ Samples.pack (307 / 658)
    │               │─(I)─ WordCodec.encodeUint (45 / 45)
    │               │─(I)─ WordCodec.encodeInt53 (51 / 51)
    │               │─(I)─ WordCodec.encodeInt22 (51 / 51)
    │               │─(I)─ WordCodec.encodeInt53 (51 / 51)
    │               │─(I)─ WordCodec.encodeInt22 (51 / 51)
    │               │─(I)─ WordCodec.encodeInt53 (51 / 51)
    │               └─(I)─ WordCodec.encodeInt22 (51 / 51)
    │─(I)─ ExtensibleWeightedPool2Tokens.getSwapFeePercentage (138 / 250)
    │   └─(I)─ WeightedPool2TokensMiscData.swapFeePercentage (61 / 112)
    │       └─(I)─ WordCodec.decodeUint64 (51 / 51)
    │─(I)─ GyroFixedPoint.mulUp (191 / 191)
    │─(I)─ GyroFixedPoint.sub (75 / 75)
    │─(I)─ ExtensibleWeightedPool2Tokens._upscale (48 / 209)
    │   └─(I)─ Math.mul (131 / 161)
    │       └─(I)─ _require (30 / 30)
    │─(I)─ GyroTwoPool._onSwapGivenIn (72 / 1,821)
    │   └─(I)─ GyroTwoMath._calcOutGivenIn (458 / 1,749)
    │       │─(I)─ GyroFixedPoint.mulDown (152 / 152)
    │       │─(I)─ _require (30 / 30)
    │       │─(I)─ GyroFixedPoint.mulUp (191 / 191)
    │       │─(I)─ GyroFixedPoint.add (75 / 75)
    │       │─(I)─ GyroFixedPoint.mulDown (152 / 152)
    │       │─(I)─ GyroFixedPoint.add (75 / 75)
    │       │─(I)─ GyroFixedPoint.add (75 / 75)
    │       │─(I)─ GyroFixedPoint.mulDown (152 / 152)
    │       │─(I)─ GyroFixedPoint.divDown (177 / 177)
    │       │─(I)─ _require (30 / 30)
    │       │─(I)─ GyroFixedPoint.mulDown (152 / 152)
    │       └─(I)─ _require (30 / 30)
    └─(I)─ ExtensibleWeightedPool2Tokens._downscaleDown (48 / 163)
        └─(I)─ Math.divDown (85 / 115)
            └─(I)─ _require (30 / 30)


----- 4: Swap (After Swap) -----

 MockVault.callMinimalGyroPoolSwap (21,686 / 53,243)
└─(C)─ GyroTwoPool.onSwap (4,356 / 31,557)
    │─(I)─ TemporarilyPausable._ensureNotPaused (42 / 152)
    │   │─(I)─ TemporarilyPausable._isNotPaused (57 / 80)
    │   │   └─(I)─ TemporarilyPausable._getBufferPeriodEndTime (23 / 23)
    │   └─(I)─ _require (30 / 30)
    │─(I)─ BalancerPoolToken.getVault (23 / 23)
    │─(I)─ _require (30 / 30)
    │─(I)─ ExtensibleWeightedPool2Tokens.getPoolId (23 / 23)
    │─(I)─ _require (30 / 30)
    │─(I)─ ExtensibleWeightedPool2Tokens._scalingFactor (46 / 46)
    │─(I)─ ExtensibleWeightedPool2Tokens._scalingFactor (56 / 56)
    │─(I)─ ExtensibleWeightedPool2Tokens._upscale (48 / 209)
    │   └─(I)─ Math.mul (131 / 161)
    │       └─(I)─ _require (30 / 30)
    │─(I)─ ExtensibleWeightedPool2Tokens._upscale (48 / 209)
    │   └─(I)─ Math.mul (131 / 161)
    │       └─(I)─ _require (30 / 30)
    │─(I)─ GyroTwoPool._calculateCurrentValues (615 / 849)
    │   │─(I)─ GyroTwoPool._sqrtParameters (178 / 178)
    │   └─(I)─ GyroTwoPool._sqrtParameters (56 / 56)
    │─(I)─ GyroTwoMath._calculateInvariant (120 / 6,967)
    │   │─(I)─ GyroTwoMath._calculateQuadraticTerms (1,223 / 3,790)
    │   │   │─(I)─ GyroFixedPoint.divDown (177 / 177)
    │   │   │─(I)─ GyroFixedPoint.sub (75 / 75)
    │   │   │─(I)─ GyroFixedPoint.divDown (177 / 177)
    │   │   │─(I)─ GyroFixedPoint.mulDown (152 / 152)
    │   │   │─(I)─ GyroFixedPoint.add (75 / 75)
    │   │   │─(I)─ GyroFixedPoint.mulDown (152 / 152)
    │   │   │─(I)─ GyroFixedPoint.mulDown (152 / 152)
    │   │   │─(I)─ GyroFixedPoint.mulDown (152 / 152)
    │   │   │─(I)─ GyroFixedPoint.mulDown (152 / 152)
    │   │   │─(I)─ GyroFixedPoint.mulDown (152 / 152)
    │   │   │─(I)─ GyroFixedPoint.mulDown (152 / 152)
    │   │   │─(I)─ GyroFixedPoint.mulDown (152 / 152)
    │   │   │─(I)─ GyroFixedPoint.divDown (177 / 177)
    │   │   │─(I)─ GyroFixedPoint.mulUp (191 / 191)
    │   │   │─(I)─ GyroFixedPoint.mulDown (152 / 152)
    │   │   │─(I)─ GyroFixedPoint.divDown (177 / 177)
    │   │   │─(I)─ GyroFixedPoint.add (75 / 75)
    │   │   └─(I)─ GyroFixedPoint.add (75 / 75)
    │   └─(I)─ GyroTwoMath._calculateQuadratic (331 / 3,057)
    │       │─(I)─ GyroFixedPoint.mulUp (191 / 191)
    │       │─(I)─ GyroFixedPoint.mulDown (152 / 152)
    │       │─(I)─ GyroFixedPoint.mulDown (152 / 152)
    │       │─(I)─ GyroFixedPoint.add (75 / 75)
    │       │─(I)─ GyroPoolMath._sqrt (827 / 1,904)
    │       │   │─(I)─ GyroPoolMath._makeInitialGuess (119 / 393)
    │       │   │   └─(I)─ GyroPoolMath._intLog2Halved (274 / 274)
    │       │   │─(I)─ GyroFixedPoint.mulDown (152 / 152)
    │       │   │─(I)─ GyroFixedPoint.mulUp (191 / 191)
    │       │   │─(I)─ GyroFixedPoint.add (75 / 75)
    │       │   │─(I)─ GyroFixedPoint.mulUp (191 / 191)
    │       │   └─(I)─ GyroFixedPoint.sub (75 / 75)
    │       │─(I)─ GyroFixedPoint.add (75 / 75)
    │       └─(I)─ GyroFixedPoint.divDown (177 / 177)
    │─(I)─ GyroTwoPool._getVirtualParameters (367 / 968)
    │   │─(I)─ GyroTwoPool._virtualParameters (68 / 308)
    │   │   └─(I)─ GyroTwoMath._calculateVirtualParameter0 (63 / 240)
    │   │       └─(I)─ GyroFixedPoint.divDown (177 / 177)
    │   └─(I)─ GyroTwoPool._virtualParameters (78 / 293)
    │       └─(I)─ GyroTwoMath._calculateVirtualParameter1 (63 / 215)
    │           └─(I)─ GyroFixedPoint.mulDown (152 / 152)
    │─(I)─ GyroTwoPool._updateOracle (2,423 / 14,930)
    │   │─(I)─ WeightedPool2TokensMiscData.oracleEnabled (61 / 118)
    │   │   └─(I)─ WordCodec.decodeBool (57 / 57)
    │   │─(I)─ GyroTwoOracleMath._calcLogSpotPrice (86 / 2,086)
    │   │   │─(I)─ GyroTwoOracleMath._calcSpotPrice (212 / 929)
    │   │   │   │─(I)─ GyroFixedPoint.add (75 / 75)
    │   │   │   │─(I)─ GyroFixedPoint.divUp (189 / 189)
    │   │   │   │─(I)─ GyroFixedPoint.add (75 / 75)
    │   │   │   │─(I)─ GyroFixedPoint.divUp (189 / 189)
    │   │   │   └─(I)─ GyroFixedPoint.divUp (189 / 189)
    │   │   └─(I)─ LogCompression.toLowResLog (124 / 1,071)
    │   │       └─(I)─ LogExpMath.ln (175 / 947)
    │   │           │─(I)─ _require (30 / 30)
    │   │           └─(I)─ LogExpMath._ln_36 (742 / 742)
    │   │─(I)─ WeightedPool2TokensMiscData.logTotalSupply (61 / 159)
    │   │   └─(I)─ WordCodec.decodeInt22 (98 / 98)
    │   │─(I)─ GyroTwoOracleMath._calcLogBPTPrice (186 / 2,911)
    │   │   │─(I)─ GyroTwoOracleMath._calcSpotPrice (212 / 929)
    │   │   │   │─(I)─ GyroFixedPoint.add (75 / 75)
    │   │   │   │─(I)─ GyroFixedPoint.divUp (189 / 189)
    │   │   │   │─(I)─ GyroFixedPoint.add (75 / 75)
    │   │   │   │─(I)─ GyroFixedPoint.divUp (189 / 189)
    │   │   │   └─(I)─ GyroFixedPoint.divUp (189 / 189)
    │   │   │─(I)─ GyroFixedPoint.mulUp (191 / 191)
    │   │   │─(I)─ GyroFixedPoint.add (75 / 75)
    │   │   └─(I)─ LogCompression.toLowResLog (124 / 1,530)
    │   │       └─(I)─ LogExpMath.ln (140 / 1,406)
    │   │           │─(I)─ _require (30 / 30)
    │   │           └─(I)─ LogExpMath._ln (1,236 / 1,236)
    │   │─(I)─ WeightedPool2TokensMiscData.oracleIndex (61 / 112)
    │   │   └─(I)─ WordCodec.decodeUint10 (51 / 51)
    │   │─(I)─ WeightedPool2TokensMiscData.oracleSampleCreationTimestamp (61 / 112)
    │   │   └─(I)─ WordCodec.decodeUint31 (51 / 51)
    │   │─(I)─ WeightedPool2TokensMiscData.logInvariant (61 / 159)
    │   │   └─(I)─ WordCodec.decodeInt22 (98 / 98)
    │   └─(I)─ PoolPriceOracle._processPriceData (3,169 / 6,850)
    │       │─(I)─ PoolPriceOracle._getSample (2,206 / 2,206)
    │       └─(I)─ Samples.update (229 / 1,475)
    │           │─(I)─ Samples.timestamp (61 / 112)
    │           │   └─(I)─ WordCodec.decodeUint31 (51 / 51)
    │           │─(I)─ Samples._accLogPairPrice (61 / 159)
    │           │   └─(I)─ WordCodec.decodeInt53 (98 / 98)
    │           │─(I)─ Samples._accLogBptPrice (61 / 158)
    │           │   └─(I)─ WordCodec.decodeInt53 (97 / 97)
    │           │─(I)─ Samples._accLogInvariant (61 / 159)
    │           │   └─(I)─ WordCodec.decodeInt53 (98 / 98)
    │           └─(I)─ Samples.pack (307 / 658)
    │               │─(I)─ WordCodec.encodeUint (45 / 45)
    │               │─(I)─ WordCodec.encodeInt53 (51 / 51)
    │               │─(I)─ WordCodec.encodeInt22 (51 / 51)
    │               │─(I)─ WordCodec.encodeInt53 (51 / 51)
    │               │─(I)─ WordCodec.encodeInt22 (51 / 51)
    │               │─(I)─ WordCodec.encodeInt53 (51 / 51)
    │               └─(I)─ WordCodec.encodeInt22 (51 / 51)
    │─(I)─ ExtensibleWeightedPool2Tokens.getSwapFeePercentage (138 / 250)
    │   └─(I)─ WeightedPool2TokensMiscData.swapFeePercentage (61 / 112)
    │       └─(I)─ WordCodec.decodeUint64 (51 / 51)
    │─(I)─ GyroFixedPoint.mulUp (191 / 191)
    │─(I)─ GyroFixedPoint.sub (75 / 75)
    │─(I)─ ExtensibleWeightedPool2Tokens._upscale (48 / 209)
    │   └─(I)─ Math.mul (131 / 161)
    │       └─(I)─ _require (30 / 30)
    │─(I)─ GyroTwoPool._onSwapGivenIn (72 / 1,821)
    │   └─(I)─ GyroTwoMath._calcOutGivenIn (458 / 1,749)
    │       │─(I)─ GyroFixedPoint.mulDown (152 / 152)
    │       │─(I)─ _require (30 / 30)
    │       │─(I)─ GyroFixedPoint.mulUp (191 / 191)
    │       │─(I)─ GyroFixedPoint.add (75 / 75)
    │       │─(I)─ GyroFixedPoint.mulDown (152 / 152)
    │       │─(I)─ GyroFixedPoint.add (75 / 75)
    │       │─(I)─ GyroFixedPoint.add (75 / 75)
    │       │─(I)─ GyroFixedPoint.mulDown (152 / 152)
    │       │─(I)─ GyroFixedPoint.divDown (177 / 177)
    │       │─(I)─ _require (30 / 30)
    │       │─(I)─ GyroFixedPoint.mulDown (152 / 152)
    │       └─(I)─ _require (30 / 30)
    └─(I)─ ExtensibleWeightedPool2Tokens._downscaleDown (48 / 163)
        └─(I)─ Math.divDown (85 / 115)
            └─(I)─ _require (30 / 30)


----- 5: Join (After Swap) -----

 MockVault.callJoinPoolGyro (39,158 / 110,548)
└─(C)─ GyroTwoPool.onJoinPool (3,369 / 71,390)
    │─(I)─ ExtensibleWeightedPool2Tokens.onJoinPool (6,198 / 47,981)
    │   │─(I)─ BalancerPoolToken.getVault (23 / 23)
    │   │─(I)─ _require (30 / 30)
    │   │─(I)─ ExtensibleWeightedPool2Tokens.getPoolId (23 / 23)
    │   │─(I)─ _require (30 / 30)
    │   │─(I)─ TemporarilyPausable._ensureNotPaused (42 / 152)
    │   │   │─(I)─ TemporarilyPausable._isNotPaused (57 / 80)
    │   │   │   └─(I)─ TemporarilyPausable._getBufferPeriodEndTime (23 / 23)
    │   │   └─(I)─ _require (30 / 30)
    │   │─(I)─ ERC20.totalSupply (2,123 / 2,123)
    │   │─(I)─ ExtensibleWeightedPool2Tokens._upscaleArray (305 / 729)
    │   │   │─(I)─ ExtensibleWeightedPool2Tokens._scalingFactor (46 / 46)
    │   │   │─(I)─ Math.mul (131 / 161)
    │   │   │   └─(I)─ _require (30 / 30)
    │   │   │─(I)─ ExtensibleWeightedPool2Tokens._scalingFactor (56 / 56)
    │   │   └─(I)─ Math.mul (131 / 161)
    │   │       └─(I)─ _require (30 / 30)
    │   │─(I)─ GyroTwoPool._updateOracle (15 / 15)
    │   │─(I)─ GyroTwoPool._onJoinPool (271 / 505)
    │   │   │─(I)─ GyroTwoPool._sqrtParameters (178 / 178)
    │   │   └─(I)─ GyroTwoPool._sqrtParameters (56 / 56)
    │   │─(I)─ GyroTwoMath._calculateInvariant (120 / 6,967)
    │   │   │─(I)─ GyroTwoMath._calculateQuadraticTerms (1,223 / 3,790)
    │   │   │   │─(I)─ GyroFixedPoint.divDown (177 / 177)
    │   │   │   │─(I)─ GyroFixedPoint.sub (75 / 75)
    │   │   │   │─(I)─ GyroFixedPoint.divDown (177 / 177)
    │   │   │   │─(I)─ GyroFixedPoint.mulDown (152 / 152)
    │   │   │   │─(I)─ GyroFixedPoint.add (75 / 75)
    │   │   │   │─(I)─ GyroFixedPoint.mulDown (152 / 152)
    │   │   │   │─(I)─ GyroFixedPoint.mulDown (152 / 152)
    │   │   │   │─(I)─ GyroFixedPoint.mulDown (152 / 152)
    │   │   │   │─(I)─ GyroFixedPoint.mulDown (152 / 152)
    │   │   │   │─(I)─ GyroFixedPoint.mulDown (152 / 152)
    │   │   │   │─(I)─ GyroFixedPoint.mulDown (152 / 152)
    │   │   │   │─(I)─ GyroFixedPoint.mulDown (152 / 152)
    │   │   │   │─(I)─ GyroFixedPoint.divDown (177 / 177)
    │   │   │   │─(I)─ GyroFixedPoint.mulUp (191 / 191)
    │   │   │   │─(I)─ GyroFixedPoint.mulDown (152 / 152)
    │   │   │   │─(I)─ GyroFixedPoint.divDown (177 / 177)
    │   │   │   │─(I)─ GyroFixedPoint.add (75 / 75)
    │   │   │   └─(I)─ GyroFixedPoint.add (75 / 75)
    │   │   └─(I)─ GyroTwoMath._calculateQuadratic (331 / 3,057)
    │   │       │─(I)─ GyroFixedPoint.mulUp (191 / 191)
    │   │       │─(I)─ GyroFixedPoint.mulDown (152 / 152)
    │   │       │─(I)─ GyroFixedPoint.mulDown (152 / 152)
    │   │       │─(I)─ GyroFixedPoint.add (75 / 75)
    │   │       │─(I)─ GyroPoolMath._sqrt (827 / 1,904)
    │   │       │   │─(I)─ GyroPoolMath._makeInitialGuess (119 / 393)
    │   │       │   │   └─(I)─ GyroPoolMath._intLog2Halved (274 / 274)
    │   │       │   │─(I)─ GyroFixedPoint.mulDown (152 / 152)
    │   │       │   │─(I)─ GyroFixedPoint.mulUp (191 / 191)
    │   │       │   │─(I)─ GyroFixedPoint.add (75 / 75)
    │   │       │   │─(I)─ GyroFixedPoint.mulUp (191 / 191)
    │   │       │   └─(I)─ GyroFixedPoint.sub (75 / 75)
    │   │       │─(I)─ GyroFixedPoint.add (75 / 75)
    │   │       └─(I)─ GyroFixedPoint.divDown (177 / 177)
    │   │─(I)─ GyroTwoPool._getVirtualParameters (367 / 968)
    │   │   │─(I)─ GyroTwoPool._virtualParameters (68 / 308)
    │   │   │   └─(I)─ GyroTwoMath._calculateVirtualParameter0 (63 / 240)
    │   │   │       └─(I)─ GyroFixedPoint.divDown (177 / 177)
    │   │   └─(I)─ GyroTwoPool._virtualParameters (78 / 293)
    │   │       └─(I)─ GyroTwoMath._calculateVirtualParameter1 (63 / 215)
    │   │           └─(I)─ GyroFixedPoint.mulDown (152 / 152)
    │   │─(I)─ GyroTwoPool._updateOracle (2,423 / 14,930)
    │   │   │─(I)─ WeightedPool2TokensMiscData.oracleEnabled (61 / 118)
    │   │   │   └─(I)─ WordCodec.decodeBool (57 / 57)
    │   │   │─(I)─ GyroTwoOracleMath._calcLogSpotPrice (86 / 2,086)
    │   │   │   │─(I)─ GyroTwoOracleMath._calcSpotPrice (212 / 929)
    │   │   │   │   │─(I)─ GyroFixedPoint.add (75 / 75)
    │   │   │   │   │─(I)─ GyroFixedPoint.divUp (189 / 189)
    │   │   │   │   │─(I)─ GyroFixedPoint.add (75 / 75)
    │   │   │   │   │─(I)─ GyroFixedPoint.divUp (189 / 189)
    │   │   │   │   └─(I)─ GyroFixedPoint.divUp (189 / 189)
    │   │   │   └─(I)─ LogCompression.toLowResLog (124 / 1,071)
    │   │   │       └─(I)─ LogExpMath.ln (175 / 947)
    │   │   │           │─(I)─ _require (30 / 30)
    │   │   │           └─(I)─ LogExpMath._ln_36 (742 / 742)
    │   │   │─(I)─ WeightedPool2TokensMiscData.logTotalSupply (61 / 159)
    │   │   │   └─(I)─ WordCodec.decodeInt22 (98 / 98)
    │   │   │─(I)─ GyroTwoOracleMath._calcLogBPTPrice (186 / 2,911)
    │   │   │   │─(I)─ GyroTwoOracleMath._calcSpotPrice (212 / 929)
    │   │   │   │   │─(I)─ GyroFixedPoint.add (75 / 75)
    │   │   │   │   │─(I)─ GyroFixedPoint.divUp (189 / 189)
    │   │   │   │   │─(I)─ GyroFixedPoint.add (75 / 75)
    │   │   │   │   │─(I)─ GyroFixedPoint.divUp (189 / 189)
    │   │   │   │   └─(I)─ GyroFixedPoint.divUp (189 / 189)
    │   │   │   │─(I)─ GyroFixedPoint.mulUp (191 / 191)
    │   │   │   │─(I)─ GyroFixedPoint.add (75 / 75)
    │   │   │   └─(I)─ LogCompression.toLowResLog (124 / 1,530)
    │   │   │       └─(I)─ LogExpMath.ln (140 / 1,406)
    │   │   │           │─(I)─ _require (30 / 30)
    │   │   │           └─(I)─ LogExpMath._ln (1,236 / 1,236)
    │   │   │─(I)─ WeightedPool2TokensMiscData.oracleIndex (61 / 112)
    │   │   │   └─(I)─ WordCodec.decodeUint10 (51 / 51)
    │   │   │─(I)─ WeightedPool2TokensMiscData.oracleSampleCreationTimestamp (61 / 112)
    │   │   │   └─(I)─ WordCodec.decodeUint31 (51 / 51)
    │   │   │─(I)─ WeightedPool2TokensMiscData.logInvariant (61 / 159)
    │   │   │   └─(I)─ WordCodec.decodeInt22 (98 / 98)
    │   │   └─(I)─ PoolPriceOracle._processPriceData (3,169 / 6,850)
    │   │       │─(I)─ PoolPriceOracle._getSample (2,206 / 2,206)
    │   │       └─(I)─ Samples.update (229 / 1,475)
    │   │           │─(I)─ Samples.timestamp (61 / 112)
    │   │           │   └─(I)─ WordCodec.decodeUint31 (51 / 51)
    │   │           │─(I)─ Samples._accLogPairPrice (61 / 159)
    │   │           │   └─(I)─ WordCodec.decodeInt53 (98 / 98)
    │   │           │─(I)─ Samples._accLogBptPrice (61 / 158)
    │   │           │   └─(I)─ WordCodec.decodeInt53 (97 / 97)
    │   │           │─(I)─ Samples._accLogInvariant (61 / 159)
    │   │           │   └─(I)─ WordCodec.decodeInt53 (98 / 98)
    │   │           └─(I)─ Samples.pack (307 / 658)
    │   │               │─(I)─ WordCodec.encodeUint (45 / 45)
    │   │               │─(I)─ WordCodec.encodeInt53 (51 / 51)
    │   │               │─(I)─ WordCodec.encodeInt22 (51 / 51)
    │   │               │─(I)─ WordCodec.encodeInt53 (51 / 51)
    │   │               │─(I)─ WordCodec.encodeInt22 (51 / 51)
    │   │               │─(I)─ WordCodec.encodeInt53 (51 / 51)
    │   │               └─(I)─ WordCodec.encodeInt22 (51 / 51)
    │   │─(I)─ GyroTwoPool._distributeFees (2,199 / 11,955)
    │   │   │─(I)─ GyroTwoPool._getDueProtocolFeeAmounts (164 / 9,687)
    │   │   │   └─(I)─ GyroTwoPool._getFeesMetadata (9,523 / 9,523)
    │   │   └─(I)─ GyroTwoPool._payFeesBpt (69 / 69)
    │   │─(I)─ GyroTwoPool._doJoin (186 / 2,578)
    │   │   │─(I)─ WeightedPoolUserDataHelpers.joinKind (249 / 249)
    │   │   └─(I)─ GyroTwoPool._joinAllTokensInForExactBPTOut (118 / 2,143)
    │   │       │─(I)─ WeightedPoolUserDataHelpers.allTokensInForExactBptOut (430 / 430)
    │   │       │─(I)─ ERC20.totalSupply (123 / 123)
    │   │       └─(I)─ GyroPoolMath._calcAllTokensInGivenExactBptOut (712 / 1,472)
    │   │           │─(I)─ GyroFixedPoint.mulUp (191 / 191)
    │   │           │─(I)─ GyroFixedPoint.divUp (189 / 189)
    │   │           │─(I)─ GyroFixedPoint.mulUp (191 / 191)
    │   │           └─(I)─ GyroFixedPoint.divUp (189 / 189)
    │   │─(I)─ ERC20.totalSupply (123 / 123)
    │   └─(I)─ GyroPoolMath.liquidityInvariantUpdate (177 / 632)
    │       │─(I)─ GyroFixedPoint.mulUp (191 / 191)
    │       │─(I)─ GyroFixedPoint.divUp (189 / 189)
    │       └─(I)─ GyroFixedPoint.add (75 / 75)
    │─(S)─ MockGyroConfig.getUint (327 / 327)
    │─(S)─ MockGyroConfig.getUint (337 / 337)
    │─(S)─ MockGyroConfig.getAddress (276 / 276)
    │─(S)─ MockGyroConfig.getAddress (276 / 276)
    │─(I)─ BalancerPoolToken._mintPoolTokens (34 / 10,534)
    │   └─(I)─ ERC20._mint (10,267 / 10,500)
    │       │─(I)─ ERC20._beforeTokenTransfer (15 / 15)
    │       │─(I)─ SafeMath.add (79 / 109)
    │       │   └─(I)─ _require (30 / 30)
    │       └─(I)─ SafeMath.add (79 / 109)
    │           └─(I)─ _require (30 / 30)
    │─(I)─ ExtensibleWeightedPool2Tokens._downscaleUpArray (305 / 715)
    │   │─(I)─ ExtensibleWeightedPool2Tokens._scalingFactor (46 / 46)
    │   │─(I)─ Math.divUp (124 / 154)
    │   │   └─(I)─ _require (30 / 30)
    │   │─(I)─ ExtensibleWeightedPool2Tokens._scalingFactor (56 / 56)
    │   └─(I)─ Math.divUp (124 / 154)
    │       └─(I)─ _require (30 / 30)
    │─(I)─ ExtensibleWeightedPool2Tokens._downscaleDownArray (305 / 637)
    │   │─(I)─ ExtensibleWeightedPool2Tokens._scalingFactor (46 / 46)
    │   │─(I)─ Math.divDown (85 / 115)
    │   │   └─(I)─ _require (30 / 30)
    │   │─(I)─ ExtensibleWeightedPool2Tokens._scalingFactor (56 / 56)
    │   └─(I)─ Math.divDown (85 / 115)
    │       └─(I)─ _require (30 / 30)
    └─(I)─ ExtensibleWeightedPool2Tokens._cacheInvariantAndSupply (3,295 / 6,938)
        │─(I)─ WeightedPool2TokensMiscData.oracleEnabled (61 / 118)
        │   └─(I)─ WordCodec.decodeBool (57 / 57)
        │─(I)─ LogCompression.toLowResLog (124 / 1,585)
        │   └─(I)─ LogExpMath.ln (140 / 1,461)
        │       │─(I)─ _require (30 / 30)
        │       └─(I)─ LogExpMath._ln (1,291 / 1,291)
        │─(I)─ WeightedPool2TokensMiscData.setLogInvariant (69 / 171)
        │   └─(I)─ WordCodec.insertInt22 (102 / 102)
        │─(I)─ ERC20.totalSupply (123 / 123)
        │─(I)─ LogCompression.toLowResLog (124 / 1,475)
        │   └─(I)─ LogExpMath.ln (140 / 1,351)
        │       │─(I)─ _require (30 / 30)
        │       └─(I)─ LogExpMath._ln (1,181 / 1,181)
        └─(I)─ WeightedPool2TokensMiscData.setLogTotalSupply (69 / 171)
            └─(I)─ WordCodec.insertInt22 (102 / 102)


----- 6: Swap (Again After Join) -----

 MockVault.callMinimalGyroPoolSwap (21,686 / 53,102)
└─(C)─ GyroTwoPool.onSwap (4,356 / 31,416)
    │─(I)─ TemporarilyPausable._ensureNotPaused (42 / 152)
    │   │─(I)─ TemporarilyPausable._isNotPaused (57 / 80)
    │   │   └─(I)─ TemporarilyPausable._getBufferPeriodEndTime (23 / 23)
    │   └─(I)─ _require (30 / 30)
    │─(I)─ BalancerPoolToken.getVault (23 / 23)
    │─(I)─ _require (30 / 30)
    │─(I)─ ExtensibleWeightedPool2Tokens.getPoolId (23 / 23)
    │─(I)─ _require (30 / 30)
    │─(I)─ ExtensibleWeightedPool2Tokens._scalingFactor (46 / 46)
    │─(I)─ ExtensibleWeightedPool2Tokens._scalingFactor (56 / 56)
    │─(I)─ ExtensibleWeightedPool2Tokens._upscale (48 / 209)
    │   └─(I)─ Math.mul (131 / 161)
    │       └─(I)─ _require (30 / 30)
    │─(I)─ ExtensibleWeightedPool2Tokens._upscale (48 / 209)
    │   └─(I)─ Math.mul (131 / 161)
    │       └─(I)─ _require (30 / 30)
    │─(I)─ GyroTwoPool._calculateCurrentValues (615 / 849)
    │   │─(I)─ GyroTwoPool._sqrtParameters (178 / 178)
    │   └─(I)─ GyroTwoPool._sqrtParameters (56 / 56)
    │─(I)─ GyroTwoMath._calculateInvariant (120 / 6,936)
    │   │─(I)─ GyroTwoMath._calculateQuadraticTerms (1,223 / 3,790)
    │   │   │─(I)─ GyroFixedPoint.divDown (177 / 177)
    │   │   │─(I)─ GyroFixedPoint.sub (75 / 75)
    │   │   │─(I)─ GyroFixedPoint.divDown (177 / 177)
    │   │   │─(I)─ GyroFixedPoint.mulDown (152 / 152)
    │   │   │─(I)─ GyroFixedPoint.add (75 / 75)
    │   │   │─(I)─ GyroFixedPoint.mulDown (152 / 152)
    │   │   │─(I)─ GyroFixedPoint.mulDown (152 / 152)
    │   │   │─(I)─ GyroFixedPoint.mulDown (152 / 152)
    │   │   │─(I)─ GyroFixedPoint.mulDown (152 / 152)
    │   │   │─(I)─ GyroFixedPoint.mulDown (152 / 152)
    │   │   │─(I)─ GyroFixedPoint.mulDown (152 / 152)
    │   │   │─(I)─ GyroFixedPoint.mulDown (152 / 152)
    │   │   │─(I)─ GyroFixedPoint.divDown (177 / 177)
    │   │   │─(I)─ GyroFixedPoint.mulUp (191 / 191)
    │   │   │─(I)─ GyroFixedPoint.mulDown (152 / 152)
    │   │   │─(I)─ GyroFixedPoint.divDown (177 / 177)
    │   │   │─(I)─ GyroFixedPoint.add (75 / 75)
    │   │   └─(I)─ GyroFixedPoint.add (75 / 75)
    │   └─(I)─ GyroTwoMath._calculateQuadratic (331 / 3,026)
    │       │─(I)─ GyroFixedPoint.mulUp (191 / 191)
    │       │─(I)─ GyroFixedPoint.mulDown (152 / 152)
    │       │─(I)─ GyroFixedPoint.mulDown (152 / 152)
    │       │─(I)─ GyroFixedPoint.add (75 / 75)
    │       │─(I)─ GyroPoolMath._sqrt (827 / 1,873)
    │       │   │─(I)─ GyroPoolMath._makeInitialGuess (119 / 362)
    │       │   │   └─(I)─ GyroPoolMath._intLog2Halved (243 / 243)
    │       │   │─(I)─ GyroFixedPoint.mulDown (152 / 152)
    │       │   │─(I)─ GyroFixedPoint.mulUp (191 / 191)
    │       │   │─(I)─ GyroFixedPoint.add (75 / 75)
    │       │   │─(I)─ GyroFixedPoint.mulUp (191 / 191)
    │       │   └─(I)─ GyroFixedPoint.sub (75 / 75)
    │       │─(I)─ GyroFixedPoint.add (75 / 75)
    │       └─(I)─ GyroFixedPoint.divDown (177 / 177)
    │─(I)─ GyroTwoPool._getVirtualParameters (367 / 968)
    │   │─(I)─ GyroTwoPool._virtualParameters (68 / 308)
    │   │   └─(I)─ GyroTwoMath._calculateVirtualParameter0 (63 / 240)
    │   │       └─(I)─ GyroFixedPoint.divDown (177 / 177)
    │   └─(I)─ GyroTwoPool._virtualParameters (78 / 293)
    │       └─(I)─ GyroTwoMath._calculateVirtualParameter1 (63 / 215)
    │           └─(I)─ GyroFixedPoint.mulDown (152 / 152)
    │─(I)─ GyroTwoPool._updateOracle (2,423 / 14,820)
    │   │─(I)─ WeightedPool2TokensMiscData.oracleEnabled (61 / 118)
    │   │   └─(I)─ WordCodec.decodeBool (57 / 57)
    │   │─(I)─ GyroTwoOracleMath._calcLogSpotPrice (86 / 2,086)
    │   │   │─(I)─ GyroTwoOracleMath._calcSpotPrice (212 / 929)
    │   │   │   │─(I)─ GyroFixedPoint.add (75 / 75)
    │   │   │   │─(I)─ GyroFixedPoint.divUp (189 / 189)
    │   │   │   │─(I)─ GyroFixedPoint.add (75 / 75)
    │   │   │   │─(I)─ GyroFixedPoint.divUp (189 / 189)
    │   │   │   └─(I)─ GyroFixedPoint.divUp (189 / 189)
    │   │   └─(I)─ LogCompression.toLowResLog (124 / 1,071)
    │   │       └─(I)─ LogExpMath.ln (175 / 947)
    │   │           │─(I)─ _require (30 / 30)
    │   │           └─(I)─ LogExpMath._ln_36 (742 / 742)
    │   │─(I)─ WeightedPool2TokensMiscData.logTotalSupply (61 / 159)
    │   │   └─(I)─ WordCodec.decodeInt22 (98 / 98)
    │   │─(I)─ GyroTwoOracleMath._calcLogBPTPrice (186 / 2,801)
    │   │   │─(I)─ GyroTwoOracleMath._calcSpotPrice (212 / 929)
    │   │   │   │─(I)─ GyroFixedPoint.add (75 / 75)
    │   │   │   │─(I)─ GyroFixedPoint.divUp (189 / 189)
    │   │   │   │─(I)─ GyroFixedPoint.add (75 / 75)
    │   │   │   │─(I)─ GyroFixedPoint.divUp (189 / 189)
    │   │   │   └─(I)─ GyroFixedPoint.divUp (189 / 189)
    │   │   │─(I)─ GyroFixedPoint.mulUp (191 / 191)
    │   │   │─(I)─ GyroFixedPoint.add (75 / 75)
    │   │   └─(I)─ LogCompression.toLowResLog (124 / 1,420)
    │   │       └─(I)─ LogExpMath.ln (140 / 1,296)
    │   │           │─(I)─ _require (30 / 30)
    │   │           └─(I)─ LogExpMath._ln (1,126 / 1,126)
    │   │─(I)─ WeightedPool2TokensMiscData.oracleIndex (61 / 112)
    │   │   └─(I)─ WordCodec.decodeUint10 (51 / 51)
    │   │─(I)─ WeightedPool2TokensMiscData.oracleSampleCreationTimestamp (61 / 112)
    │   │   └─(I)─ WordCodec.decodeUint31 (51 / 51)
    │   │─(I)─ WeightedPool2TokensMiscData.logInvariant (61 / 159)
    │   │   └─(I)─ WordCodec.decodeInt22 (98 / 98)
    │   └─(I)─ PoolPriceOracle._processPriceData (3,169 / 6,850)
    │       │─(I)─ PoolPriceOracle._getSample (2,206 / 2,206)
    │       └─(I)─ Samples.update (229 / 1,475)
    │           │─(I)─ Samples.timestamp (61 / 112)
    │           │   └─(I)─ WordCodec.decodeUint31 (51 / 51)
    │           │─(I)─ Samples._accLogPairPrice (61 / 159)
    │           │   └─(I)─ WordCodec.decodeInt53 (98 / 98)
    │           │─(I)─ Samples._accLogBptPrice (61 / 158)
    │           │   └─(I)─ WordCodec.decodeInt53 (97 / 97)
    │           │─(I)─ Samples._accLogInvariant (61 / 159)
    │           │   └─(I)─ WordCodec.decodeInt53 (98 / 98)
    │           └─(I)─ Samples.pack (307 / 658)
    │               │─(I)─ WordCodec.encodeUint (45 / 45)
    │               │─(I)─ WordCodec.encodeInt53 (51 / 51)
    │               │─(I)─ WordCodec.encodeInt22 (51 / 51)
    │               │─(I)─ WordCodec.encodeInt53 (51 / 51)
    │               │─(I)─ WordCodec.encodeInt22 (51 / 51)
    │               │─(I)─ WordCodec.encodeInt53 (51 / 51)
    │               └─(I)─ WordCodec.encodeInt22 (51 / 51)
    │─(I)─ ExtensibleWeightedPool2Tokens.getSwapFeePercentage (138 / 250)
    │   └─(I)─ WeightedPool2TokensMiscData.swapFeePercentage (61 / 112)
    │       └─(I)─ WordCodec.decodeUint64 (51 / 51)
    │─(I)─ GyroFixedPoint.mulUp (191 / 191)
    │─(I)─ GyroFixedPoint.sub (75 / 75)
    │─(I)─ ExtensibleWeightedPool2Tokens._upscale (48 / 209)
    │   └─(I)─ Math.mul (131 / 161)
    │       └─(I)─ _require (30 / 30)
    │─(I)─ GyroTwoPool._onSwapGivenIn (72 / 1,821)
    │   └─(I)─ GyroTwoMath._calcOutGivenIn (458 / 1,749)
    │       │─(I)─ GyroFixedPoint.mulDown (152 / 152)
    │       │─(I)─ _require (30 / 30)
    │       │─(I)─ GyroFixedPoint.mulUp (191 / 191)
    │       │─(I)─ GyroFixedPoint.add (75 / 75)
    │       │─(I)─ GyroFixedPoint.mulDown (152 / 152)
    │       │─(I)─ GyroFixedPoint.add (75 / 75)
    │       │─(I)─ GyroFixedPoint.add (75 / 75)
    │       │─(I)─ GyroFixedPoint.mulDown (152 / 152)
    │       │─(I)─ GyroFixedPoint.divDown (177 / 177)
    │       │─(I)─ _require (30 / 30)
    │       │─(I)─ GyroFixedPoint.mulDown (152 / 152)
    │       └─(I)─ _require (30 / 30)
    └─(I)─ ExtensibleWeightedPool2Tokens._downscaleDown (48 / 163)
        └─(I)─ Math.divDown (85 / 115)
            └─(I)─ _require (30 / 30)


----- 7: Exit (After Swap) -----

 MockVault.callExitPoolGyro (37,444 / 103,405)
└─(C)─ GyroTwoPool.onExitPool (3,420 / 65,961)
    │─(I)─ ExtensibleWeightedPool2Tokens.onExitPool (3,910 / 45,179)
    │   │─(I)─ BalancerPoolToken.getVault (23 / 23)
    │   │─(I)─ _require (30 / 30)
    │   │─(I)─ ExtensibleWeightedPool2Tokens.getPoolId (23 / 23)
    │   │─(I)─ _require (30 / 30)
    │   │─(I)─ ExtensibleWeightedPool2Tokens._upscaleArray (305 / 729)
    │   │   │─(I)─ ExtensibleWeightedPool2Tokens._scalingFactor (46 / 46)
    │   │   │─(I)─ Math.mul (131 / 161)
    │   │   │   └─(I)─ _require (30 / 30)
    │   │   │─(I)─ ExtensibleWeightedPool2Tokens._scalingFactor (56 / 56)
    │   │   └─(I)─ Math.mul (131 / 161)
    │   │       └─(I)─ _require (30 / 30)
    │   │─(I)─ GyroTwoPool._onExitPool (271 / 505)
    │   │   │─(I)─ GyroTwoPool._sqrtParameters (178 / 178)
    │   │   └─(I)─ GyroTwoPool._sqrtParameters (56 / 56)
    │   │─(I)─ TemporarilyPausable._isNotPaused (57 / 80)
    │   │   └─(I)─ TemporarilyPausable._getBufferPeriodEndTime (23 / 23)
    │   │─(I)─ GyroTwoMath._calculateInvariant (120 / 6,936)
    │   │   │─(I)─ GyroTwoMath._calculateQuadraticTerms (1,223 / 3,790)
    │   │   │   │─(I)─ GyroFixedPoint.divDown (177 / 177)
    │   │   │   │─(I)─ GyroFixedPoint.sub (75 / 75)
    │   │   │   │─(I)─ GyroFixedPoint.divDown (177 / 177)
    │   │   │   │─(I)─ GyroFixedPoint.mulDown (152 / 152)
    │   │   │   │─(I)─ GyroFixedPoint.add (75 / 75)
    │   │   │   │─(I)─ GyroFixedPoint.mulDown (152 / 152)
    │   │   │   │─(I)─ GyroFixedPoint.mulDown (152 / 152)
    │   │   │   │─(I)─ GyroFixedPoint.mulDown (152 / 152)
    │   │   │   │─(I)─ GyroFixedPoint.mulDown (152 / 152)
    │   │   │   │─(I)─ GyroFixedPoint.mulDown (152 / 152)
    │   │   │   │─(I)─ GyroFixedPoint.mulDown (152 / 152)
    │   │   │   │─(I)─ GyroFixedPoint.mulDown (152 / 152)
    │   │   │   │─(I)─ GyroFixedPoint.divDown (177 / 177)
    │   │   │   │─(I)─ GyroFixedPoint.mulUp (191 / 191)
    │   │   │   │─(I)─ GyroFixedPoint.mulDown (152 / 152)
    │   │   │   │─(I)─ GyroFixedPoint.divDown (177 / 177)
    │   │   │   │─(I)─ GyroFixedPoint.add (75 / 75)
    │   │   │   └─(I)─ GyroFixedPoint.add (75 / 75)
    │   │   └─(I)─ GyroTwoMath._calculateQuadratic (331 / 3,026)
    │   │       │─(I)─ GyroFixedPoint.mulUp (191 / 191)
    │   │       │─(I)─ GyroFixedPoint.mulDown (152 / 152)
    │   │       │─(I)─ GyroFixedPoint.mulDown (152 / 152)
    │   │       │─(I)─ GyroFixedPoint.add (75 / 75)
    │   │       │─(I)─ GyroPoolMath._sqrt (827 / 1,873)
    │   │       │   │─(I)─ GyroPoolMath._makeInitialGuess (119 / 362)
    │   │       │   │   └─(I)─ GyroPoolMath._intLog2Halved (243 / 243)
    │   │       │   │─(I)─ GyroFixedPoint.mulDown (152 / 152)
    │   │       │   │─(I)─ GyroFixedPoint.mulUp (191 / 191)
    │   │       │   │─(I)─ GyroFixedPoint.add (75 / 75)
    │   │       │   │─(I)─ GyroFixedPoint.mulUp (191 / 191)
    │   │       │   └─(I)─ GyroFixedPoint.sub (75 / 75)
    │   │       │─(I)─ GyroFixedPoint.add (75 / 75)
    │   │       └─(I)─ GyroFixedPoint.divDown (177 / 177)
    │   │─(I)─ GyroTwoPool._getVirtualParameters (367 / 968)
    │   │   │─(I)─ GyroTwoPool._virtualParameters (68 / 308)
    │   │   │   └─(I)─ GyroTwoMath._calculateVirtualParameter0 (63 / 240)
    │   │   │       └─(I)─ GyroFixedPoint.divDown (177 / 177)
    │   │   └─(I)─ GyroTwoPool._virtualParameters (78 / 293)
    │   │       └─(I)─ GyroTwoMath._calculateVirtualParameter1 (63 / 215)
    │   │           └─(I)─ GyroFixedPoint.mulDown (152 / 152)
    │   │─(I)─ GyroTwoPool._updateOracle (2,423 / 14,820)
    │   │   │─(I)─ WeightedPool2TokensMiscData.oracleEnabled (61 / 118)
    │   │   │   └─(I)─ WordCodec.decodeBool (57 / 57)
    │   │   │─(I)─ GyroTwoOracleMath._calcLogSpotPrice (86 / 2,086)
    │   │   │   │─(I)─ GyroTwoOracleMath._calcSpotPrice (212 / 929)
    │   │   │   │   │─(I)─ GyroFixedPoint.add (75 / 75)
    │   │   │   │   │─(I)─ GyroFixedPoint.divUp (189 / 189)
    │   │   │   │   │─(I)─ GyroFixedPoint.add (75 / 75)
    │   │   │   │   │─(I)─ GyroFixedPoint.divUp (189 / 189)
    │   │   │   │   └─(I)─ GyroFixedPoint.divUp (189 / 189)
    │   │   │   └─(I)─ LogCompression.toLowResLog (124 / 1,071)
    │   │   │       └─(I)─ LogExpMath.ln (175 / 947)
    │   │   │           │─(I)─ _require (30 / 30)
    │   │   │           └─(I)─ LogExpMath._ln_36 (742 / 742)
    │   │   │─(I)─ WeightedPool2TokensMiscData.logTotalSupply (61 / 159)
    │   │   │   └─(I)─ WordCodec.decodeInt22 (98 / 98)
    │   │   │─(I)─ GyroTwoOracleMath._calcLogBPTPrice (186 / 2,801)
    │   │   │   │─(I)─ GyroTwoOracleMath._calcSpotPrice (212 / 929)
    │   │   │   │   │─(I)─ GyroFixedPoint.add (75 / 75)
    │   │   │   │   │─(I)─ GyroFixedPoint.divUp (189 / 189)
    │   │   │   │   │─(I)─ GyroFixedPoint.add (75 / 75)
    │   │   │   │   │─(I)─ GyroFixedPoint.divUp (189 / 189)
    │   │   │   │   └─(I)─ GyroFixedPoint.divUp (189 / 189)
    │   │   │   │─(I)─ GyroFixedPoint.mulUp (191 / 191)
    │   │   │   │─(I)─ GyroFixedPoint.add (75 / 75)
    │   │   │   └─(I)─ LogCompression.toLowResLog (124 / 1,420)
    │   │   │       └─(I)─ LogExpMath.ln (140 / 1,296)
    │   │   │           │─(I)─ _require (30 / 30)
    │   │   │           └─(I)─ LogExpMath._ln (1,126 / 1,126)
    │   │   │─(I)─ WeightedPool2TokensMiscData.oracleIndex (61 / 112)
    │   │   │   └─(I)─ WordCodec.decodeUint10 (51 / 51)
    │   │   │─(I)─ WeightedPool2TokensMiscData.oracleSampleCreationTimestamp (61 / 112)
    │   │   │   └─(I)─ WordCodec.decodeUint31 (51 / 51)
    │   │   │─(I)─ WeightedPool2TokensMiscData.logInvariant (61 / 159)
    │   │   │   └─(I)─ WordCodec.decodeInt22 (98 / 98)
    │   │   └─(I)─ PoolPriceOracle._processPriceData (3,169 / 6,850)
    │   │       │─(I)─ PoolPriceOracle._getSample (2,206 / 2,206)
    │   │       └─(I)─ Samples.update (229 / 1,475)
    │   │           │─(I)─ Samples.timestamp (61 / 112)
    │   │           │   └─(I)─ WordCodec.decodeUint31 (51 / 51)
    │   │           │─(I)─ Samples._accLogPairPrice (61 / 159)
    │   │           │   └─(I)─ WordCodec.decodeInt53 (98 / 98)
    │   │           │─(I)─ Samples._accLogBptPrice (61 / 158)
    │   │           │   └─(I)─ WordCodec.decodeInt53 (97 / 97)
    │   │           │─(I)─ Samples._accLogInvariant (61 / 159)
    │   │           │   └─(I)─ WordCodec.decodeInt53 (98 / 98)
    │   │           └─(I)─ Samples.pack (307 / 658)
    │   │               │─(I)─ WordCodec.encodeUint (45 / 45)
    │   │               │─(I)─ WordCodec.encodeInt53 (51 / 51)
    │   │               │─(I)─ WordCodec.encodeInt22 (51 / 51)
    │   │               │─(I)─ WordCodec.encodeInt53 (51 / 51)
    │   │               │─(I)─ WordCodec.encodeInt22 (51 / 51)
    │   │               │─(I)─ WordCodec.encodeInt53 (51 / 51)
    │   │               └─(I)─ WordCodec.encodeInt22 (51 / 51)
    │   │─(I)─ GyroTwoPool._distributeFees (2,199 / 11,955)
    │   │   │─(I)─ GyroTwoPool._getDueProtocolFeeAmounts (164 / 9,687)
    │   │   │   └─(I)─ GyroTwoPool._getFeesMetadata (9,523 / 9,523)
    │   │   └─(I)─ GyroTwoPool._payFeesBpt (69 / 69)
    │   │─(I)─ GyroTwoPool._doExit (186 / 4,476)
    │   │   │─(I)─ WeightedPoolUserDataHelpers.exitKind (249 / 249)
    │   │   └─(I)─ GyroTwoPool._exitExactBPTInForTokensOut (118 / 4,041)
    │   │       │─(I)─ WeightedPoolUserDataHelpers.exactBptInForTokensOut (430 / 430)
    │   │       │─(I)─ ERC20.totalSupply (2,123 / 2,123)
    │   │       └─(I)─ GyroPoolMath._calcTokensOutGivenExactBptIn (712 / 1,370)
    │   │           │─(I)─ GyroFixedPoint.mulDown (152 / 152)
    │   │           │─(I)─ GyroFixedPoint.divDown (177 / 177)
    │   │           │─(I)─ GyroFixedPoint.mulDown (152 / 152)
    │   │           └─(I)─ GyroFixedPoint.divDown (177 / 177)
    │   │─(I)─ ERC20.totalSupply (123 / 123)
    │   └─(I)─ GyroPoolMath.liquidityInvariantUpdate (167 / 571)
    │       │─(I)─ GyroFixedPoint.mulDown (152 / 152)
    │       │─(I)─ GyroFixedPoint.divDown (177 / 177)
    │       └─(I)─ GyroFixedPoint.sub (75 / 75)
    │─(S)─ MockGyroConfig.getUint (327 / 327)
    │─(S)─ MockGyroConfig.getUint (337 / 337)
    │─(S)─ MockGyroConfig.getAddress (276 / 276)
    │─(S)─ MockGyroConfig.getAddress (276 / 276)
    │─(I)─ BalancerPoolToken._burnPoolTokens (4,901 / 10,654)
    │   └─(I)─ ERC20._burn (5,459 / 5,753)
    │       │─(I)─ _require (30 / 30)
    │       │─(I)─ ERC20._beforeTokenTransfer (15 / 15)
    │       │─(I)─ SafeMath.sub (81 / 111)
    │       │   └─(I)─ _require (30 / 30)
    │       └─(I)─ SafeMath.sub (108 / 138)
    │           └─(I)─ _require (30 / 30)
    │─(I)─ ExtensibleWeightedPool2Tokens._downscaleDownArray (305 / 637)
    │   │─(I)─ ExtensibleWeightedPool2Tokens._scalingFactor (46 / 46)
    │   │─(I)─ Math.divDown (85 / 115)
    │   │   └─(I)─ _require (30 / 30)
    │   │─(I)─ ExtensibleWeightedPool2Tokens._scalingFactor (56 / 56)
    │   └─(I)─ Math.divDown (85 / 115)
    │       └─(I)─ _require (30 / 30)
    │─(I)─ ExtensibleWeightedPool2Tokens._downscaleDownArray (305 / 637)
    │   │─(I)─ ExtensibleWeightedPool2Tokens._scalingFactor (46 / 46)
    │   │─(I)─ Math.divDown (85 / 115)
    │   │   └─(I)─ _require (30 / 30)
    │   │─(I)─ ExtensibleWeightedPool2Tokens._scalingFactor (56 / 56)
    │   └─(I)─ Math.divDown (85 / 115)
    │       └─(I)─ _require (30 / 30)
    │─(I)─ TemporarilyPausable._isNotPaused (57 / 80)
    │   └─(I)─ TemporarilyPausable._getBufferPeriodEndTime (23 / 23)
    └─(I)─ ExtensibleWeightedPool2Tokens._cacheInvariantAndSupply (495 / 4,138)
        │─(I)─ WeightedPool2TokensMiscData.oracleEnabled (61 / 118)
        │   └─(I)─ WordCodec.decodeBool (57 / 57)
        │─(I)─ LogCompression.toLowResLog (124 / 1,585)
        │   └─(I)─ LogExpMath.ln (140 / 1,461)
        │       │─(I)─ _require (30 / 30)
        │       └─(I)─ LogExpMath._ln (1,291 / 1,291)
        │─(I)─ WeightedPool2TokensMiscData.setLogInvariant (69 / 171)
        │   └─(I)─ WordCodec.insertInt22 (102 / 102)
        │─(I)─ ERC20.totalSupply (123 / 123)
        │─(I)─ LogCompression.toLowResLog (124 / 1,475)
        │   └─(I)─ LogExpMath.ln (140 / 1,351)
        │       │─(I)─ _require (30 / 30)
        │       └─(I)─ LogExpMath._ln (1,181 / 1,181)
        └─(I)─ WeightedPool2TokensMiscData.setLogTotalSupply (69 / 171)
            └─(I)─ WordCodec.insertInt22 (102 / 102)


Summary:

Operation                            Function                   Gas
-----------------------------------  ----------------------  ------
1: Join (Initial)                    GyroTwoPool.onJoinPool  121121
2: Join (Non-Initial After Initial)  GyroTwoPool.onJoinPool  108108
3: Swap (After Join)                 GyroTwoPool.onSwap       31557
4: Swap (After Swap)                 GyroTwoPool.onSwap       31557
5: Join (After Swap)                 GyroTwoPool.onJoinPool   71390
6: Swap (Again After Join)           GyroTwoPool.onSwap       31416
7: Exit (After Swap)                 GyroTwoPool.onExitPool   65961

Terminating local RPC client...
