Brownie v1.19.0 - Python development framework for Ethereum

VaultsProject is the active project.

Launching 'ganache-cli --chain.vmErrorsOnRPCResponse true --server.port 8545 --miner.blockGasLimit 12000000 --wallet.totalAccounts 10 --hardfork london --wallet.mnemonic brownie --chain.allowUnlimitedContractSize'...

Running 'scripts/show_gas_usage_cemm.py::main'...
----- 1: Join (Initial) -----

Total Gas: 233568


----- 2: Join (Non-Initial After Initial) -----

Total Gas: 189800


----- 3: Swap (After Join) -----

Total Gas: 115491


----- 4: Swap (After Swap) -----

Total Gas: 115495


----- 5: Join (After Swap) -----

Total Gas: 151539


----- 6: Swap (Again After Join) -----

Total Gas: 115524


----- 7: Exit (After Swap) -----

Total Gas: 148636


Summary:

Operation                            Function       Gas
-----------------------------------  ----------  ------
1: Join (Initial)                    (total tx)  233568
2: Join (Non-Initial After Initial)  (total tx)  189800
3: Swap (After Join)                 (total tx)  115491
4: Swap (After Swap)                 (total tx)  115495
5: Join (After Swap)                 (total tx)  151539
6: Swap (Again After Join)           (total tx)  115524
7: Exit (After Swap)                 (total tx)  148636

Terminating local RPC client...
