Brownie v1.19.0 - Python development framework for Ethereum

VaultsProject is the active project.

Launching 'ganache-cli --port 8545 --gasLimit 12000000 --accounts 10 --hardfork istanbul --mnemonic brownie --allowUnlimitedContractSize'...

Running 'scripts/show_gas_usage_cpmmv3.py::main'...
----- 1: Join (Initial) -----

 MockVault.callJoinPoolGyro (97,321 / 215,503)
└─(C)─ GyroThreePool.onJoinPool (5,255 / 118,182)
    └─(I)─ BasePool.onJoinPool (589 / 112,927)
        │─(I)─ BalancerPoolToken.getVault (23 / 23)
        │─(I)─ _require (30 / 30)
        │─(I)─ BasePool.getPoolId (23 / 23)
        │─(I)─ _require (30 / 30)
        │─(I)─ GyroThreePool._scalingFactors (426 / 449)
        │   └─(I)─ GyroThreePool._getTotalTokens (23 / 23)
        │─(I)─ ERC20.totalSupply (823 / 823)
        │─(I)─ GyroThreePool._onInitializePool (20,321 / 40,121)
        │   │─(I)─ TemporarilyPausable._ensureNotPaused (42 / 996)
        │   │   │─(I)─ TemporarilyPausable._isNotPaused (901 / 924)
        │   │   │   └─(I)─ TemporarilyPausable._getBufferPeriodEndTime (23 / 23)
        │   │   └─(I)─ _require (30 / 30)
        │   │─(I)─ WeightedPoolUserDataHelpers.joinKind (249 / 249)
        │   │─(I)─ _require (30 / 30)
        │   │─(I)─ WeightedPoolUserDataHelpers.initialAmountsIn (1,448 / 1,448)
        │   │─(I)─ InputHelpers.ensureInputLengthMatch (40 / 70)
        │   │   └─(I)─ _require (30 / 30)
        │   │─(I)─ BasePool._upscaleArray (789 / 1,439)
        │   │   │─(I)─ GyroThreePool._getTotalTokens (23 / 23)
        │   │   │─(I)─ FixedPoint.mulDown (156 / 186)
        │   │   │   └─(I)─ _require (30 / 30)
        │   │   │─(I)─ GyroThreePool._getTotalTokens (23 / 23)
        │   │   │─(I)─ FixedPoint.mulDown (156 / 186)
        │   │   │   └─(I)─ _require (30 / 30)
        │   │   │─(I)─ GyroThreePool._getTotalTokens (23 / 23)
        │   │   │─(I)─ FixedPoint.mulDown (156 / 186)
        │   │   │   └─(I)─ _require (30 / 30)
        │   │   └─(I)─ GyroThreePool._getTotalTokens (23 / 23)
        │   │─(I)─ GyroThreeMath._calculateInvariant (343 / 15,407)
        │   │   │─(I)─ GyroThreeMath._calculateCubicTerms (1,046 / 1,676)
        │   │   │   │─(I)─ GyroFixedPoint.mulDownU (63 / 63)
        │   │   │   │─(I)─ GyroFixedPoint.mulDownU (63 / 63)
        │   │   │   │─(I)─ GyroFixedPoint.mulDownU (63 / 63)
        │   │   │   │─(I)─ GyroFixedPoint.mulDownU (63 / 63)
        │   │   │   │─(I)─ GyroFixedPoint.mulDownU (63 / 63)
        │   │   │   │─(I)─ GyroFixedPoint.mulDownU (63 / 63)
        │   │   │   │─(I)─ GyroFixedPoint.mulDownU (63 / 63)
        │   │   │   │─(I)─ GyroFixedPoint.mulDownU (63 / 63)
        │   │   │   │─(I)─ GyroFixedPoint.mulDownU (63 / 63)
        │   │   │   └─(I)─ GyroFixedPoint.mulDownU (63 / 63)
        │   │   └─(I)─ GyroThreeMath._calculateCubic (144 / 13,388)
        │   │       │─(I)─ GyroThreeMath._calculateCubicStartingPoint (352 / 2,782)
        │   │       │   │─(I)─ GyroFixedPoint.mulUpU (115 / 115)
        │   │       │   │─(I)─ GyroFixedPoint.mulUpU (115 / 115)
        │   │       │   │─(I)─ GyroPoolMath._sqrt (827 / 1,842)
        │   │       │   │   │─(I)─ GyroPoolMath._makeInitialGuess (119 / 331)
        │   │       │   │   │   └─(I)─ GyroPoolMath._intLog2Halved (212 / 212)
        │   │       │   │   │─(I)─ GyroFixedPoint.mulDown (152 / 152)
        │   │       │   │   │─(I)─ GyroFixedPoint.mulUp (191 / 191)
        │   │       │   │   │─(I)─ GyroFixedPoint.add (75 / 75)
        │   │       │   │   │─(I)─ GyroFixedPoint.mulUp (191 / 191)
        │   │       │   │   └─(I)─ GyroFixedPoint.sub (75 / 75)
        │   │       │   │─(I)─ GyroFixedPoint.divUpU (128 / 128)
        │   │       │   │─(I)─ GyroFixedPoint.mulUpU (115 / 115)
        │   │       │   └─(I)─ GyroFixedPoint.mulUpU (115 / 115)
        │   │       └─(I)─ GyroThreeMath._runNewtonIteration (1,407 / 10,462)
        │   │           │─(I)─ GyroThreeMath._calcNewtonDelta (785 / 1,745)
        │   │           │   │─(I)─ GyroFixedPoint.mulDownU (63 / 63)
        │   │           │   │─(I)─ GyroFixedPoint.mulDownU (63 / 63)
        │   │           │   │─(I)─ GyroFixedPoint.mulDownU (63 / 63)
        │   │           │   │─(I)─ GyroFixedPoint.mulDownU (63 / 63)
        │   │           │   │─(I)─ GyroFixedPoint.mulDownU (63 / 63)
        │   │           │   │─(I)─ GyroFixedPoint.mulDownU (63 / 63)
        │   │           │   │─(I)─ GyroFixedPoint.mulDownU (63 / 63)
        │   │           │   │─(I)─ GyroFixedPoint.mulDownU (63 / 63)
        │   │           │   │─(I)─ GyroFixedPoint.mulDownU (63 / 63)
        │   │           │   │─(I)─ GyroFixedPoint.divDownU (89 / 89)
        │   │           │   │─(I)─ GyroFixedPoint.mulDownU (63 / 63)
        │   │           │   │─(I)─ GyroFixedPoint.mulDownU (63 / 63)
        │   │           │   │─(I)─ GyroFixedPoint.divDownU (89 / 89)
        │   │           │   └─(I)─ GyroFixedPoint.divDownU (89 / 89)
        │   │           │─(I)─ GyroFixedPoint.add (75 / 75)
        │   │           │─(I)─ GyroThreeMath._calcNewtonDelta (795 / 1,755)
        │   │           │   │─(I)─ GyroFixedPoint.mulDownU (63 / 63)
        │   │           │   │─(I)─ GyroFixedPoint.mulDownU (63 / 63)
        │   │           │   │─(I)─ GyroFixedPoint.mulDownU (63 / 63)
        │   │           │   │─(I)─ GyroFixedPoint.mulDownU (63 / 63)
        │   │           │   │─(I)─ GyroFixedPoint.mulDownU (63 / 63)
        │   │           │   │─(I)─ GyroFixedPoint.mulDownU (63 / 63)
        │   │           │   │─(I)─ GyroFixedPoint.mulDownU (63 / 63)
        │   │           │   │─(I)─ GyroFixedPoint.mulDownU (63 / 63)
        │   │           │   │─(I)─ GyroFixedPoint.mulDownU (63 / 63)
        │   │           │   │─(I)─ GyroFixedPoint.divDownU (89 / 89)
        │   │           │   │─(I)─ GyroFixedPoint.mulDownU (63 / 63)
        │   │           │   │─(I)─ GyroFixedPoint.mulDownU (63 / 63)
        │   │           │   │─(I)─ GyroFixedPoint.divDownU (89 / 89)
        │   │           │   └─(I)─ GyroFixedPoint.divDownU (89 / 89)
        │   │           │─(I)─ GyroFixedPoint.sub (75 / 75)
        │   │           │─(I)─ GyroThreeMath._calcNewtonDelta (795 / 1,755)
        │   │           │   │─(I)─ GyroFixedPoint.mulDownU (63 / 63)
        │   │           │   │─(I)─ GyroFixedPoint.mulDownU (63 / 63)
        │   │           │   │─(I)─ GyroFixedPoint.mulDownU (63 / 63)
        │   │           │   │─(I)─ GyroFixedPoint.mulDownU (63 / 63)
        │   │           │   │─(I)─ GyroFixedPoint.mulDownU (63 / 63)
        │   │           │   │─(I)─ GyroFixedPoint.mulDownU (63 / 63)
        │   │           │   │─(I)─ GyroFixedPoint.mulDownU (63 / 63)
        │   │           │   │─(I)─ GyroFixedPoint.mulDownU (63 / 63)
        │   │           │   │─(I)─ GyroFixedPoint.mulDownU (63 / 63)
        │   │           │   │─(I)─ GyroFixedPoint.divDownU (89 / 89)
        │   │           │   │─(I)─ GyroFixedPoint.mulDownU (63 / 63)
        │   │           │   │─(I)─ GyroFixedPoint.mulDownU (63 / 63)
        │   │           │   │─(I)─ GyroFixedPoint.divDownU (89 / 89)
        │   │           │   └─(I)─ GyroFixedPoint.divDownU (89 / 89)
        │   │           │─(I)─ GyroFixedPoint.sub (75 / 75)
        │   │           │─(I)─ GyroThreeMath._calcNewtonDelta (795 / 1,755)
        │   │           │   │─(I)─ GyroFixedPoint.mulDownU (63 / 63)
        │   │           │   │─(I)─ GyroFixedPoint.mulDownU (63 / 63)
        │   │           │   │─(I)─ GyroFixedPoint.mulDownU (63 / 63)
        │   │           │   │─(I)─ GyroFixedPoint.mulDownU (63 / 63)
        │   │           │   │─(I)─ GyroFixedPoint.mulDownU (63 / 63)
        │   │           │   │─(I)─ GyroFixedPoint.mulDownU (63 / 63)
        │   │           │   │─(I)─ GyroFixedPoint.mulDownU (63 / 63)
        │   │           │   │─(I)─ GyroFixedPoint.mulDownU (63 / 63)
        │   │           │   │─(I)─ GyroFixedPoint.mulDownU (63 / 63)
        │   │           │   │─(I)─ GyroFixedPoint.divDownU (89 / 89)
        │   │           │   │─(I)─ GyroFixedPoint.mulDownU (63 / 63)
        │   │           │   │─(I)─ GyroFixedPoint.mulDownU (63 / 63)
        │   │           │   │─(I)─ GyroFixedPoint.divDownU (89 / 89)
        │   │           │   └─(I)─ GyroFixedPoint.divDownU (89 / 89)
        │   │           │─(I)─ GyroFixedPoint.sub (75 / 75)
        │   │           └─(I)─ GyroThreeMath._calcNewtonDelta (785 / 1,745)
        │   │               │─(I)─ GyroFixedPoint.mulDownU (63 / 63)
        │   │               │─(I)─ GyroFixedPoint.mulDownU (63 / 63)
        │   │               │─(I)─ GyroFixedPoint.mulDownU (63 / 63)
        │   │               │─(I)─ GyroFixedPoint.mulDownU (63 / 63)
        │   │               │─(I)─ GyroFixedPoint.mulDownU (63 / 63)
        │   │               │─(I)─ GyroFixedPoint.mulDownU (63 / 63)
        │   │               │─(I)─ GyroFixedPoint.mulDownU (63 / 63)
        │   │               │─(I)─ GyroFixedPoint.mulDownU (63 / 63)
        │   │               │─(I)─ GyroFixedPoint.mulDownU (63 / 63)
        │   │               │─(I)─ GyroFixedPoint.divDownU (89 / 89)
        │   │               │─(I)─ GyroFixedPoint.mulDownU (63 / 63)
        │   │               │─(I)─ GyroFixedPoint.mulDownU (63 / 63)
        │   │               │─(I)─ GyroFixedPoint.divDownU (89 / 89)
        │   │               └─(I)─ GyroFixedPoint.divDownU (89 / 89)
        │   └─(I)─ Math.mul (131 / 161)
        │       └─(I)─ _require (30 / 30)
        │─(I)─ BasePool._getMinimumBpt (23 / 23)
        │─(I)─ _require (30 / 30)
        │─(I)─ BasePool._getMinimumBpt (23 / 23)
        │─(I)─ BalancerPoolToken._mintPoolTokens (34 / 44,134)
        │   └─(I)─ ERC20._mint (43,867 / 44,100)
        │       │─(I)─ ERC20._beforeTokenTransfer (15 / 15)
        │       │─(I)─ SafeMath.add (79 / 109)
        │       │   └─(I)─ _require (30 / 30)
        │       └─(I)─ SafeMath.add (79 / 109)
        │           └─(I)─ _require (30 / 30)
        │─(I)─ BasePool._getMinimumBpt (23 / 23)
        │─(I)─ BalancerPoolToken._mintPoolTokens (34 / 24,931)
        │   └─(I)─ ERC20._mint (24,664 / 24,897)
        │       │─(I)─ ERC20._beforeTokenTransfer (15 / 15)
        │       │─(I)─ SafeMath.add (79 / 109)
        │       │   └─(I)─ _require (30 / 30)
        │       └─(I)─ SafeMath.add (79 / 109)
        │           └─(I)─ _require (30 / 30)
        │─(I)─ BasePool._downscaleUpArray (789 / 1,652)
        │   │─(I)─ GyroThreePool._getTotalTokens (23 / 23)
        │   │─(I)─ FixedPoint.divUp (197 / 257)
        │   │   │─(I)─ _require (30 / 30)
        │   │   └─(I)─ _require (30 / 30)
        │   │─(I)─ GyroThreePool._getTotalTokens (23 / 23)
        │   │─(I)─ FixedPoint.divUp (197 / 257)
        │   │   │─(I)─ _require (30 / 30)
        │   │   └─(I)─ _require (30 / 30)
        │   │─(I)─ GyroThreePool._getTotalTokens (23 / 23)
        │   │─(I)─ FixedPoint.divUp (197 / 257)
        │   │   │─(I)─ _require (30 / 30)
        │   │   └─(I)─ _require (30 / 30)
        │   └─(I)─ GyroThreePool._getTotalTokens (23 / 23)
        └─(I)─ GyroThreePool._getTotalTokens (23 / 23)


----- 2: Join (Non-Initial After Initial) -----

 MockVault.callJoinPoolGyro (50,635 / 131,865)
└─(C)─ GyroThreePool.onJoinPool (4,006 / 81,230)
    │─(I)─ BasePool.onJoinPool (365 / 76,008)
    │   │─(I)─ BalancerPoolToken.getVault (23 / 23)
    │   │─(I)─ _require (30 / 30)
    │   │─(I)─ BasePool.getPoolId (23 / 23)
    │   │─(I)─ _require (30 / 30)
    │   │─(I)─ GyroThreePool._scalingFactors (426 / 449)
    │   │   └─(I)─ GyroThreePool._getTotalTokens (23 / 23)
    │   │─(I)─ ERC20.totalSupply (823 / 823)
    │   │─(I)─ BasePool._upscaleArray (789 / 1,439)
    │   │   │─(I)─ GyroThreePool._getTotalTokens (23 / 23)
    │   │   │─(I)─ FixedPoint.mulDown (156 / 186)
    │   │   │   └─(I)─ _require (30 / 30)
    │   │   │─(I)─ GyroThreePool._getTotalTokens (23 / 23)
    │   │   │─(I)─ FixedPoint.mulDown (156 / 186)
    │   │   │   └─(I)─ _require (30 / 30)
    │   │   │─(I)─ GyroThreePool._getTotalTokens (23 / 23)
    │   │   │─(I)─ FixedPoint.mulDown (156 / 186)
    │   │   │   └─(I)─ _require (30 / 30)
    │   │   └─(I)─ GyroThreePool._getTotalTokens (23 / 23)
    │   │─(I)─ GyroThreePool._onJoinPool (6,258 / 40,778)
    │   │   │─(I)─ GyroThreeMath._calculateInvariant (343 / 15,407)
    │   │   │   │─(I)─ GyroThreeMath._calculateCubicTerms (1,046 / 1,676)
    │   │   │   │   │─(I)─ GyroFixedPoint.mulDownU (63 / 63)
    │   │   │   │   │─(I)─ GyroFixedPoint.mulDownU (63 / 63)
    │   │   │   │   │─(I)─ GyroFixedPoint.mulDownU (63 / 63)
    │   │   │   │   │─(I)─ GyroFixedPoint.mulDownU (63 / 63)
    │   │   │   │   │─(I)─ GyroFixedPoint.mulDownU (63 / 63)
    │   │   │   │   │─(I)─ GyroFixedPoint.mulDownU (63 / 63)
    │   │   │   │   │─(I)─ GyroFixedPoint.mulDownU (63 / 63)
    │   │   │   │   │─(I)─ GyroFixedPoint.mulDownU (63 / 63)
    │   │   │   │   │─(I)─ GyroFixedPoint.mulDownU (63 / 63)
    │   │   │   │   └─(I)─ GyroFixedPoint.mulDownU (63 / 63)
    │   │   │   └─(I)─ GyroThreeMath._calculateCubic (144 / 13,388)
    │   │   │       │─(I)─ GyroThreeMath._calculateCubicStartingPoint (352 / 2,782)
    │   │   │       │   │─(I)─ GyroFixedPoint.mulUpU (115 / 115)
    │   │   │       │   │─(I)─ GyroFixedPoint.mulUpU (115 / 115)
    │   │   │       │   │─(I)─ GyroPoolMath._sqrt (827 / 1,842)
    │   │   │       │   │   │─(I)─ GyroPoolMath._makeInitialGuess (119 / 331)
    │   │   │       │   │   │   └─(I)─ GyroPoolMath._intLog2Halved (212 / 212)
    │   │   │       │   │   │─(I)─ GyroFixedPoint.mulDown (152 / 152)
    │   │   │       │   │   │─(I)─ GyroFixedPoint.mulUp (191 / 191)
    │   │   │       │   │   │─(I)─ GyroFixedPoint.add (75 / 75)
    │   │   │       │   │   │─(I)─ GyroFixedPoint.mulUp (191 / 191)
    │   │   │       │   │   └─(I)─ GyroFixedPoint.sub (75 / 75)
    │   │   │       │   │─(I)─ GyroFixedPoint.divUpU (128 / 128)
    │   │   │       │   │─(I)─ GyroFixedPoint.mulUpU (115 / 115)
    │   │   │       │   └─(I)─ GyroFixedPoint.mulUpU (115 / 115)
    │   │   │       └─(I)─ GyroThreeMath._runNewtonIteration (1,407 / 10,462)
    │   │   │           │─(I)─ GyroThreeMath._calcNewtonDelta (785 / 1,745)
    │   │   │           │   │─(I)─ GyroFixedPoint.mulDownU (63 / 63)
    │   │   │           │   │─(I)─ GyroFixedPoint.mulDownU (63 / 63)
    │   │   │           │   │─(I)─ GyroFixedPoint.mulDownU (63 / 63)
    │   │   │           │   │─(I)─ GyroFixedPoint.mulDownU (63 / 63)
    │   │   │           │   │─(I)─ GyroFixedPoint.mulDownU (63 / 63)
    │   │   │           │   │─(I)─ GyroFixedPoint.mulDownU (63 / 63)
    │   │   │           │   │─(I)─ GyroFixedPoint.mulDownU (63 / 63)
    │   │   │           │   │─(I)─ GyroFixedPoint.mulDownU (63 / 63)
    │   │   │           │   │─(I)─ GyroFixedPoint.mulDownU (63 / 63)
    │   │   │           │   │─(I)─ GyroFixedPoint.divDownU (89 / 89)
    │   │   │           │   │─(I)─ GyroFixedPoint.mulDownU (63 / 63)
    │   │   │           │   │─(I)─ GyroFixedPoint.mulDownU (63 / 63)
    │   │   │           │   │─(I)─ GyroFixedPoint.divDownU (89 / 89)
    │   │   │           │   └─(I)─ GyroFixedPoint.divDownU (89 / 89)
    │   │   │           │─(I)─ GyroFixedPoint.add (75 / 75)
    │   │   │           │─(I)─ GyroThreeMath._calcNewtonDelta (795 / 1,755)
    │   │   │           │   │─(I)─ GyroFixedPoint.mulDownU (63 / 63)
    │   │   │           │   │─(I)─ GyroFixedPoint.mulDownU (63 / 63)
    │   │   │           │   │─(I)─ GyroFixedPoint.mulDownU (63 / 63)
    │   │   │           │   │─(I)─ GyroFixedPoint.mulDownU (63 / 63)
    │   │   │           │   │─(I)─ GyroFixedPoint.mulDownU (63 / 63)
    │   │   │           │   │─(I)─ GyroFixedPoint.mulDownU (63 / 63)
    │   │   │           │   │─(I)─ GyroFixedPoint.mulDownU (63 / 63)
    │   │   │           │   │─(I)─ GyroFixedPoint.mulDownU (63 / 63)
    │   │   │           │   │─(I)─ GyroFixedPoint.mulDownU (63 / 63)
    │   │   │           │   │─(I)─ GyroFixedPoint.divDownU (89 / 89)
    │   │   │           │   │─(I)─ GyroFixedPoint.mulDownU (63 / 63)
    │   │   │           │   │─(I)─ GyroFixedPoint.mulDownU (63 / 63)
    │   │   │           │   │─(I)─ GyroFixedPoint.divDownU (89 / 89)
    │   │   │           │   └─(I)─ GyroFixedPoint.divDownU (89 / 89)
    │   │   │           │─(I)─ GyroFixedPoint.sub (75 / 75)
    │   │   │           │─(I)─ GyroThreeMath._calcNewtonDelta (795 / 1,755)
    │   │   │           │   │─(I)─ GyroFixedPoint.mulDownU (63 / 63)
    │   │   │           │   │─(I)─ GyroFixedPoint.mulDownU (63 / 63)
    │   │   │           │   │─(I)─ GyroFixedPoint.mulDownU (63 / 63)
    │   │   │           │   │─(I)─ GyroFixedPoint.mulDownU (63 / 63)
    │   │   │           │   │─(I)─ GyroFixedPoint.mulDownU (63 / 63)
    │   │   │           │   │─(I)─ GyroFixedPoint.mulDownU (63 / 63)
    │   │   │           │   │─(I)─ GyroFixedPoint.mulDownU (63 / 63)
    │   │   │           │   │─(I)─ GyroFixedPoint.mulDownU (63 / 63)
    │   │   │           │   │─(I)─ GyroFixedPoint.mulDownU (63 / 63)
    │   │   │           │   │─(I)─ GyroFixedPoint.divDownU (89 / 89)
    │   │   │           │   │─(I)─ GyroFixedPoint.mulDownU (63 / 63)
    │   │   │           │   │─(I)─ GyroFixedPoint.mulDownU (63 / 63)
    │   │   │           │   │─(I)─ GyroFixedPoint.divDownU (89 / 89)
    │   │   │           │   └─(I)─ GyroFixedPoint.divDownU (89 / 89)
    │   │   │           │─(I)─ GyroFixedPoint.sub (75 / 75)
    │   │   │           │─(I)─ GyroThreeMath._calcNewtonDelta (795 / 1,755)
    │   │   │           │   │─(I)─ GyroFixedPoint.mulDownU (63 / 63)
    │   │   │           │   │─(I)─ GyroFixedPoint.mulDownU (63 / 63)
    │   │   │           │   │─(I)─ GyroFixedPoint.mulDownU (63 / 63)
    │   │   │           │   │─(I)─ GyroFixedPoint.mulDownU (63 / 63)
    │   │   │           │   │─(I)─ GyroFixedPoint.mulDownU (63 / 63)
    │   │   │           │   │─(I)─ GyroFixedPoint.mulDownU (63 / 63)
    │   │   │           │   │─(I)─ GyroFixedPoint.mulDownU (63 / 63)
    │   │   │           │   │─(I)─ GyroFixedPoint.mulDownU (63 / 63)
    │   │   │           │   │─(I)─ GyroFixedPoint.mulDownU (63 / 63)
    │   │   │           │   │─(I)─ GyroFixedPoint.divDownU (89 / 89)
    │   │   │           │   │─(I)─ GyroFixedPoint.mulDownU (63 / 63)
    │   │   │           │   │─(I)─ GyroFixedPoint.mulDownU (63 / 63)
    │   │   │           │   │─(I)─ GyroFixedPoint.divDownU (89 / 89)
    │   │   │           │   └─(I)─ GyroFixedPoint.divDownU (89 / 89)
    │   │   │           │─(I)─ GyroFixedPoint.sub (75 / 75)
    │   │   │           └─(I)─ GyroThreeMath._calcNewtonDelta (785 / 1,745)
    │   │   │               │─(I)─ GyroFixedPoint.mulDownU (63 / 63)
    │   │   │               │─(I)─ GyroFixedPoint.mulDownU (63 / 63)
    │   │   │               │─(I)─ GyroFixedPoint.mulDownU (63 / 63)
    │   │   │               │─(I)─ GyroFixedPoint.mulDownU (63 / 63)
    │   │   │               │─(I)─ GyroFixedPoint.mulDownU (63 / 63)
    │   │   │               │─(I)─ GyroFixedPoint.mulDownU (63 / 63)
    │   │   │               │─(I)─ GyroFixedPoint.mulDownU (63 / 63)
    │   │   │               │─(I)─ GyroFixedPoint.mulDownU (63 / 63)
    │   │   │               │─(I)─ GyroFixedPoint.mulDownU (63 / 63)
    │   │   │               │─(I)─ GyroFixedPoint.divDownU (89 / 89)
    │   │   │               │─(I)─ GyroFixedPoint.mulDownU (63 / 63)
    │   │   │               │─(I)─ GyroFixedPoint.mulDownU (63 / 63)
    │   │   │               │─(I)─ GyroFixedPoint.divDownU (89 / 89)
    │   │   │               └─(I)─ GyroFixedPoint.divDownU (89 / 89)
    │   │   │─(I)─ GyroThreePool._distributeFees (899 / 13,754)
    │   │   │   │─(I)─ GyroThreePool._getDueProtocolFeeAmounts (164 / 12,786)
    │   │   │   │   └─(I)─ GyroThreePool._getFeesMetadata (12,622 / 12,622)
    │   │   │   └─(I)─ GyroThreePool._payFeesBpt (69 / 69)
    │   │   │─(I)─ GyroThreePool._doJoin (186 / 3,904)
    │   │   │   │─(I)─ WeightedPoolUserDataHelpers.joinKind (249 / 249)
    │   │   │   └─(I)─ GyroThreePool._joinAllTokensInForExactBPTOut (118 / 3,469)
    │   │   │       │─(I)─ WeightedPoolUserDataHelpers.allTokensInForExactBptOut (430 / 430)
    │   │   │       │─(I)─ ERC20.totalSupply (823 / 823)
    │   │   │       └─(I)─ GyroPoolMath._calcAllTokensInGivenExactBptOut (958 / 2,098)
    │   │   │           │─(I)─ GyroFixedPoint.mulUp (191 / 191)
    │   │   │           │─(I)─ GyroFixedPoint.divUp (189 / 189)
    │   │   │           │─(I)─ GyroFixedPoint.mulUp (191 / 191)
    │   │   │           │─(I)─ GyroFixedPoint.divUp (189 / 189)
    │   │   │           │─(I)─ GyroFixedPoint.mulUp (191 / 191)
    │   │   │           └─(I)─ GyroFixedPoint.divUp (189 / 189)
    │   │   │─(I)─ ERC20.totalSupply (823 / 823)
    │   │   └─(I)─ GyroPoolMath.liquidityInvariantUpdate (177 / 632)
    │   │       │─(I)─ GyroFixedPoint.mulUp (191 / 191)
    │   │       │─(I)─ GyroFixedPoint.divUp (189 / 189)
    │   │       └─(I)─ GyroFixedPoint.add (75 / 75)
    │   │─(I)─ BalancerPoolToken._mintPoolTokens (34 / 29,134)
    │   │   └─(I)─ ERC20._mint (28,867 / 29,100)
    │   │       │─(I)─ ERC20._beforeTokenTransfer (15 / 15)
    │   │       │─(I)─ SafeMath.add (79 / 109)
    │   │       │   └─(I)─ _require (30 / 30)
    │   │       └─(I)─ SafeMath.add (79 / 109)
    │   │           └─(I)─ _require (30 / 30)
    │   │─(I)─ BasePool._downscaleUpArray (789 / 1,652)
    │   │   │─(I)─ GyroThreePool._getTotalTokens (23 / 23)
    │   │   │─(I)─ FixedPoint.divUp (197 / 257)
    │   │   │   │─(I)─ _require (30 / 30)
    │   │   │   └─(I)─ _require (30 / 30)
    │   │   │─(I)─ GyroThreePool._getTotalTokens (23 / 23)
    │   │   │─(I)─ FixedPoint.divUp (197 / 257)
    │   │   │   │─(I)─ _require (30 / 30)
    │   │   │   └─(I)─ _require (30 / 30)
    │   │   │─(I)─ GyroThreePool._getTotalTokens (23 / 23)
    │   │   │─(I)─ FixedPoint.divUp (197 / 257)
    │   │   │   │─(I)─ _require (30 / 30)
    │   │   │   └─(I)─ _require (30 / 30)
    │   │   └─(I)─ GyroThreePool._getTotalTokens (23 / 23)
    │   └─(I)─ BasePool._downscaleDownArray (789 / 1,262)
    │       │─(I)─ GyroThreePool._getTotalTokens (23 / 23)
    │       │─(I)─ FixedPoint.divDown (97 / 127)
    │       │   └─(I)─ _require (30 / 30)
    │       │─(I)─ GyroThreePool._getTotalTokens (23 / 23)
    │       │─(I)─ FixedPoint.divDown (97 / 127)
    │       │   └─(I)─ _require (30 / 30)
    │       │─(I)─ GyroThreePool._getTotalTokens (23 / 23)
    │       │─(I)─ FixedPoint.divDown (97 / 127)
    │       │   └─(I)─ _require (30 / 30)
    │       └─(I)─ GyroThreePool._getTotalTokens (23 / 23)
    │─(S)─ MockGyroConfig.getUint (327 / 327)
    │─(S)─ MockGyroConfig.getUint (337 / 337)
    │─(S)─ MockGyroConfig.getAddress (276 / 276)
    └─(S)─ MockGyroConfig.getAddress (276 / 276)


----- 3: Swap (After Join) -----

 MockVault.callMinimalGyroPoolSwap (21,430 / 68,697)
└─(C)─ GyroThreePool.onSwap (-13,641 / 47,267)
    │─(I)─ BaseMinimalSwapInfoPool.onSwap (382 / 2,344)
    │   │─(I)─ BalancerPoolToken.getVault (23 / 23)
    │   │─(I)─ _require (30 / 30)
    │   │─(I)─ BasePool.getPoolId (23 / 23)
    │   │─(I)─ _require (30 / 30)
    │   │─(I)─ GyroThreePool._scalingFactor (77 / 77)
    │   │─(I)─ GyroThreePool._scalingFactor (116 / 116)
    │   │─(I)─ BasePool._subtractSwapFeeAmount (119 / 1,360)
    │   │   │─(I)─ BasePool.getSwapFeePercentage (856 / 907)
    │   │   │   └─(I)─ WordCodec.decodeUint64 (51 / 51)
    │   │   │─(I)─ FixedPoint.mulUp (195 / 225)
    │   │   │   └─(I)─ _require (30 / 30)
    │   │   └─(I)─ FixedPoint.sub (79 / 109)
    │   │       └─(I)─ _require (30 / 30)
    │   │─(I)─ BasePool._upscale (48 / 234)
    │   │   └─(I)─ FixedPoint.mulDown (156 / 186)
    │   │       └─(I)─ _require (30 / 30)
    │   └─(I)─ BaseMinimalSwapInfoPool._processSwapFeeAmount (49 / 69)
    │       └─(I)─ BaseMinimalSwapInfoPool._tokenAddressToIndex (20 / 20)
    │─(I)─ BasePool._upscale (48 / 234)
    │   └─(I)─ FixedPoint.mulDown (156 / 186)
    │       └─(I)─ _require (30 / 30)
    │─(I)─ BasePool._upscale (48 / 234)
    │   └─(I)─ FixedPoint.mulDown (156 / 186)
    │       └─(I)─ _require (30 / 30)
    │─(I)─ BasePool._upscale (48 / 234)
    │   └─(I)─ FixedPoint.mulDown (156 / 186)
    │       └─(I)─ _require (30 / 30)
    │─(I)─ GyroThreePool._onSwapGivenIn (135 / 40,506)
    │   │─(I)─ TemporarilyPausable._ensureNotPaused (42 / 152)
    │   │   │─(I)─ TemporarilyPausable._isNotPaused (57 / 80)
    │   │   │   └─(I)─ TemporarilyPausable._getBufferPeriodEndTime (23 / 23)
    │   │   └─(I)─ _require (30 / 30)
    │   │─(I)─ GyroThreePool._calculateVirtualOffset (21,927 / 39,423)
    │   │   │─(I)─ BalancerPoolToken.getVault (23 / 23)
    │   │   │─(I)─ BasePool.getPoolId (23 / 23)
    │   │   │─(I)─ GyroThreePool._scalingFactors (429 / 452)
    │   │   │   └─(I)─ GyroThreePool._getTotalTokens (23 / 23)
    │   │   │─(I)─ BasePool._upscaleArray (789 / 1,439)
    │   │   │   │─(I)─ GyroThreePool._getTotalTokens (23 / 23)
    │   │   │   │─(I)─ FixedPoint.mulDown (156 / 186)
    │   │   │   │   └─(I)─ _require (30 / 30)
    │   │   │   │─(I)─ GyroThreePool._getTotalTokens (23 / 23)
    │   │   │   │─(I)─ FixedPoint.mulDown (156 / 186)
    │   │   │   │   └─(I)─ _require (30 / 30)
    │   │   │   │─(I)─ GyroThreePool._getTotalTokens (23 / 23)
    │   │   │   │─(I)─ FixedPoint.mulDown (156 / 186)
    │   │   │   │   └─(I)─ _require (30 / 30)
    │   │   │   └─(I)─ GyroThreePool._getTotalTokens (23 / 23)
    │   │   │─(I)─ GyroThreeMath._calculateInvariant (343 / 15,407)
    │   │   │   │─(I)─ GyroThreeMath._calculateCubicTerms (1,046 / 1,676)
    │   │   │   │   │─(I)─ GyroFixedPoint.mulDownU (63 / 63)
    │   │   │   │   │─(I)─ GyroFixedPoint.mulDownU (63 / 63)
    │   │   │   │   │─(I)─ GyroFixedPoint.mulDownU (63 / 63)
    │   │   │   │   │─(I)─ GyroFixedPoint.mulDownU (63 / 63)
    │   │   │   │   │─(I)─ GyroFixedPoint.mulDownU (63 / 63)
    │   │   │   │   │─(I)─ GyroFixedPoint.mulDownU (63 / 63)
    │   │   │   │   │─(I)─ GyroFixedPoint.mulDownU (63 / 63)
    │   │   │   │   │─(I)─ GyroFixedPoint.mulDownU (63 / 63)
    │   │   │   │   │─(I)─ GyroFixedPoint.mulDownU (63 / 63)
    │   │   │   │   └─(I)─ GyroFixedPoint.mulDownU (63 / 63)
    │   │   │   └─(I)─ GyroThreeMath._calculateCubic (144 / 13,388)
    │   │   │       │─(I)─ GyroThreeMath._calculateCubicStartingPoint (352 / 2,782)
    │   │   │       │   │─(I)─ GyroFixedPoint.mulUpU (115 / 115)
    │   │   │       │   │─(I)─ GyroFixedPoint.mulUpU (115 / 115)
    │   │   │       │   │─(I)─ GyroPoolMath._sqrt (827 / 1,842)
    │   │   │       │   │   │─(I)─ GyroPoolMath._makeInitialGuess (119 / 331)
    │   │   │       │   │   │   └─(I)─ GyroPoolMath._intLog2Halved (212 / 212)
    │   │   │       │   │   │─(I)─ GyroFixedPoint.mulDown (152 / 152)
    │   │   │       │   │   │─(I)─ GyroFixedPoint.mulUp (191 / 191)
    │   │   │       │   │   │─(I)─ GyroFixedPoint.add (75 / 75)
    │   │   │       │   │   │─(I)─ GyroFixedPoint.mulUp (191 / 191)
    │   │   │       │   │   └─(I)─ GyroFixedPoint.sub (75 / 75)
    │   │   │       │   │─(I)─ GyroFixedPoint.divUpU (128 / 128)
    │   │   │       │   │─(I)─ GyroFixedPoint.mulUpU (115 / 115)
    │   │   │       │   └─(I)─ GyroFixedPoint.mulUpU (115 / 115)
    │   │   │       └─(I)─ GyroThreeMath._runNewtonIteration (1,407 / 10,462)
    │   │   │           │─(I)─ GyroThreeMath._calcNewtonDelta (785 / 1,745)
    │   │   │           │   │─(I)─ GyroFixedPoint.mulDownU (63 / 63)
    │   │   │           │   │─(I)─ GyroFixedPoint.mulDownU (63 / 63)
    │   │   │           │   │─(I)─ GyroFixedPoint.mulDownU (63 / 63)
    │   │   │           │   │─(I)─ GyroFixedPoint.mulDownU (63 / 63)
    │   │   │           │   │─(I)─ GyroFixedPoint.mulDownU (63 / 63)
    │   │   │           │   │─(I)─ GyroFixedPoint.mulDownU (63 / 63)
    │   │   │           │   │─(I)─ GyroFixedPoint.mulDownU (63 / 63)
    │   │   │           │   │─(I)─ GyroFixedPoint.mulDownU (63 / 63)
    │   │   │           │   │─(I)─ GyroFixedPoint.mulDownU (63 / 63)
    │   │   │           │   │─(I)─ GyroFixedPoint.divDownU (89 / 89)
    │   │   │           │   │─(I)─ GyroFixedPoint.mulDownU (63 / 63)
    │   │   │           │   │─(I)─ GyroFixedPoint.mulDownU (63 / 63)
    │   │   │           │   │─(I)─ GyroFixedPoint.divDownU (89 / 89)
    │   │   │           │   └─(I)─ GyroFixedPoint.divDownU (89 / 89)
    │   │   │           │─(I)─ GyroFixedPoint.add (75 / 75)
    │   │   │           │─(I)─ GyroThreeMath._calcNewtonDelta (795 / 1,755)
    │   │   │           │   │─(I)─ GyroFixedPoint.mulDownU (63 / 63)
    │   │   │           │   │─(I)─ GyroFixedPoint.mulDownU (63 / 63)
    │   │   │           │   │─(I)─ GyroFixedPoint.mulDownU (63 / 63)
    │   │   │           │   │─(I)─ GyroFixedPoint.mulDownU (63 / 63)
    │   │   │           │   │─(I)─ GyroFixedPoint.mulDownU (63 / 63)
    │   │   │           │   │─(I)─ GyroFixedPoint.mulDownU (63 / 63)
    │   │   │           │   │─(I)─ GyroFixedPoint.mulDownU (63 / 63)
    │   │   │           │   │─(I)─ GyroFixedPoint.mulDownU (63 / 63)
    │   │   │           │   │─(I)─ GyroFixedPoint.mulDownU (63 / 63)
    │   │   │           │   │─(I)─ GyroFixedPoint.divDownU (89 / 89)
    │   │   │           │   │─(I)─ GyroFixedPoint.mulDownU (63 / 63)
    │   │   │           │   │─(I)─ GyroFixedPoint.mulDownU (63 / 63)
    │   │   │           │   │─(I)─ GyroFixedPoint.divDownU (89 / 89)
    │   │   │           │   └─(I)─ GyroFixedPoint.divDownU (89 / 89)
    │   │   │           │─(I)─ GyroFixedPoint.sub (75 / 75)
    │   │   │           │─(I)─ GyroThreeMath._calcNewtonDelta (795 / 1,755)
    │   │   │           │   │─(I)─ GyroFixedPoint.mulDownU (63 / 63)
    │   │   │           │   │─(I)─ GyroFixedPoint.mulDownU (63 / 63)
    │   │   │           │   │─(I)─ GyroFixedPoint.mulDownU (63 / 63)
    │   │   │           │   │─(I)─ GyroFixedPoint.mulDownU (63 / 63)
    │   │   │           │   │─(I)─ GyroFixedPoint.mulDownU (63 / 63)
    │   │   │           │   │─(I)─ GyroFixedPoint.mulDownU (63 / 63)
    │   │   │           │   │─(I)─ GyroFixedPoint.mulDownU (63 / 63)
    │   │   │           │   │─(I)─ GyroFixedPoint.mulDownU (63 / 63)
    │   │   │           │   │─(I)─ GyroFixedPoint.mulDownU (63 / 63)
    │   │   │           │   │─(I)─ GyroFixedPoint.divDownU (89 / 89)
    │   │   │           │   │─(I)─ GyroFixedPoint.mulDownU (63 / 63)
    │   │   │           │   │─(I)─ GyroFixedPoint.mulDownU (63 / 63)
    │   │   │           │   │─(I)─ GyroFixedPoint.divDownU (89 / 89)
    │   │   │           │   └─(I)─ GyroFixedPoint.divDownU (89 / 89)
    │   │   │           │─(I)─ GyroFixedPoint.sub (75 / 75)
    │   │   │           │─(I)─ GyroThreeMath._calcNewtonDelta (795 / 1,755)
    │   │   │           │   │─(I)─ GyroFixedPoint.mulDownU (63 / 63)
    │   │   │           │   │─(I)─ GyroFixedPoint.mulDownU (63 / 63)
    │   │   │           │   │─(I)─ GyroFixedPoint.mulDownU (63 / 63)
    │   │   │           │   │─(I)─ GyroFixedPoint.mulDownU (63 / 63)
    │   │   │           │   │─(I)─ GyroFixedPoint.mulDownU (63 / 63)
    │   │   │           │   │─(I)─ GyroFixedPoint.mulDownU (63 / 63)
    │   │   │           │   │─(I)─ GyroFixedPoint.mulDownU (63 / 63)
    │   │   │           │   │─(I)─ GyroFixedPoint.mulDownU (63 / 63)
    │   │   │           │   │─(I)─ GyroFixedPoint.mulDownU (63 / 63)
    │   │   │           │   │─(I)─ GyroFixedPoint.divDownU (89 / 89)
    │   │   │           │   │─(I)─ GyroFixedPoint.mulDownU (63 / 63)
    │   │   │           │   │─(I)─ GyroFixedPoint.mulDownU (63 / 63)
    │   │   │           │   │─(I)─ GyroFixedPoint.divDownU (89 / 89)
    │   │   │           │   └─(I)─ GyroFixedPoint.divDownU (89 / 89)
    │   │   │           │─(I)─ GyroFixedPoint.sub (75 / 75)
    │   │   │           └─(I)─ GyroThreeMath._calcNewtonDelta (785 / 1,745)
    │   │   │               │─(I)─ GyroFixedPoint.mulDownU (63 / 63)
    │   │   │               │─(I)─ GyroFixedPoint.mulDownU (63 / 63)
    │   │   │               │─(I)─ GyroFixedPoint.mulDownU (63 / 63)
    │   │   │               │─(I)─ GyroFixedPoint.mulDownU (63 / 63)
    │   │   │               │─(I)─ GyroFixedPoint.mulDownU (63 / 63)
    │   │   │               │─(I)─ GyroFixedPoint.mulDownU (63 / 63)
    │   │   │               │─(I)─ GyroFixedPoint.mulDownU (63 / 63)
    │   │   │               │─(I)─ GyroFixedPoint.mulDownU (63 / 63)
    │   │   │               │─(I)─ GyroFixedPoint.mulDownU (63 / 63)
    │   │   │               │─(I)─ GyroFixedPoint.divDownU (89 / 89)
    │   │   │               │─(I)─ GyroFixedPoint.mulDownU (63 / 63)
    │   │   │               │─(I)─ GyroFixedPoint.mulDownU (63 / 63)
    │   │   │               │─(I)─ GyroFixedPoint.divDownU (89 / 89)
    │   │   │               └─(I)─ GyroFixedPoint.divDownU (89 / 89)
    │   │   └─(I)─ GyroFixedPoint.mulDown (152 / 152)
    │   └─(I)─ GyroThreeMath._calcOutGivenIn (340 / 796)
    │       │─(I)─ GyroFixedPoint.mulDownU (63 / 63)
    │       │─(I)─ GyroFixedPoint.mulUpU (115 / 115)
    │       │─(I)─ GyroFixedPoint.mulDownU (63 / 63)
    │       │─(I)─ GyroFixedPoint.mulDownU (63 / 63)
    │       │─(I)─ GyroFixedPoint.divDownU (89 / 89)
    │       └─(I)─ GyroFixedPoint.mulDownU (63 / 63)
    │─(S)─ MockVault.getPoolTokens (17,063 / 17,063)
    └─(I)─ BasePool._downscaleDown (48 / 293)
        └─(I)─ FixedPoint.divDown (185 / 245)
            │─(I)─ _require (30 / 30)
            └─(I)─ _require (30 / 30)


----- 4: Swap (After Swap) -----

 MockVault.callMinimalGyroPoolSwap (21,430 / 68,775)
└─(C)─ GyroThreePool.onSwap (-13,641 / 47,345)
    │─(I)─ BaseMinimalSwapInfoPool.onSwap (382 / 2,422)
    │   │─(I)─ BalancerPoolToken.getVault (23 / 23)
    │   │─(I)─ _require (30 / 30)
    │   │─(I)─ BasePool.getPoolId (23 / 23)
    │   │─(I)─ _require (30 / 30)
    │   │─(I)─ GyroThreePool._scalingFactor (116 / 116)
    │   │─(I)─ GyroThreePool._scalingFactor (155 / 155)
    │   │─(I)─ BasePool._subtractSwapFeeAmount (119 / 1,360)
    │   │   │─(I)─ BasePool.getSwapFeePercentage (856 / 907)
    │   │   │   └─(I)─ WordCodec.decodeUint64 (51 / 51)
    │   │   │─(I)─ FixedPoint.mulUp (195 / 225)
    │   │   │   └─(I)─ _require (30 / 30)
    │   │   └─(I)─ FixedPoint.sub (79 / 109)
    │   │       └─(I)─ _require (30 / 30)
    │   │─(I)─ BasePool._upscale (48 / 234)
    │   │   └─(I)─ FixedPoint.mulDown (156 / 186)
    │   │       └─(I)─ _require (30 / 30)
    │   └─(I)─ BaseMinimalSwapInfoPool._processSwapFeeAmount (49 / 69)
    │       └─(I)─ BaseMinimalSwapInfoPool._tokenAddressToIndex (20 / 20)
    │─(I)─ BasePool._upscale (48 / 234)
    │   └─(I)─ FixedPoint.mulDown (156 / 186)
    │       └─(I)─ _require (30 / 30)
    │─(I)─ BasePool._upscale (48 / 234)
    │   └─(I)─ FixedPoint.mulDown (156 / 186)
    │       └─(I)─ _require (30 / 30)
    │─(I)─ BasePool._upscale (48 / 234)
    │   └─(I)─ FixedPoint.mulDown (156 / 186)
    │       └─(I)─ _require (30 / 30)
    │─(I)─ GyroThreePool._onSwapGivenIn (135 / 40,506)
    │   │─(I)─ TemporarilyPausable._ensureNotPaused (42 / 152)
    │   │   │─(I)─ TemporarilyPausable._isNotPaused (57 / 80)
    │   │   │   └─(I)─ TemporarilyPausable._getBufferPeriodEndTime (23 / 23)
    │   │   └─(I)─ _require (30 / 30)
    │   │─(I)─ GyroThreePool._calculateVirtualOffset (21,927 / 39,423)
    │   │   │─(I)─ BalancerPoolToken.getVault (23 / 23)
    │   │   │─(I)─ BasePool.getPoolId (23 / 23)
    │   │   │─(I)─ GyroThreePool._scalingFactors (429 / 452)
    │   │   │   └─(I)─ GyroThreePool._getTotalTokens (23 / 23)
    │   │   │─(I)─ BasePool._upscaleArray (789 / 1,439)
    │   │   │   │─(I)─ GyroThreePool._getTotalTokens (23 / 23)
    │   │   │   │─(I)─ FixedPoint.mulDown (156 / 186)
    │   │   │   │   └─(I)─ _require (30 / 30)
    │   │   │   │─(I)─ GyroThreePool._getTotalTokens (23 / 23)
    │   │   │   │─(I)─ FixedPoint.mulDown (156 / 186)
    │   │   │   │   └─(I)─ _require (30 / 30)
    │   │   │   │─(I)─ GyroThreePool._getTotalTokens (23 / 23)
    │   │   │   │─(I)─ FixedPoint.mulDown (156 / 186)
    │   │   │   │   └─(I)─ _require (30 / 30)
    │   │   │   └─(I)─ GyroThreePool._getTotalTokens (23 / 23)
    │   │   │─(I)─ GyroThreeMath._calculateInvariant (343 / 15,407)
    │   │   │   │─(I)─ GyroThreeMath._calculateCubicTerms (1,046 / 1,676)
    │   │   │   │   │─(I)─ GyroFixedPoint.mulDownU (63 / 63)
    │   │   │   │   │─(I)─ GyroFixedPoint.mulDownU (63 / 63)
    │   │   │   │   │─(I)─ GyroFixedPoint.mulDownU (63 / 63)
    │   │   │   │   │─(I)─ GyroFixedPoint.mulDownU (63 / 63)
    │   │   │   │   │─(I)─ GyroFixedPoint.mulDownU (63 / 63)
    │   │   │   │   │─(I)─ GyroFixedPoint.mulDownU (63 / 63)
    │   │   │   │   │─(I)─ GyroFixedPoint.mulDownU (63 / 63)
    │   │   │   │   │─(I)─ GyroFixedPoint.mulDownU (63 / 63)
    │   │   │   │   │─(I)─ GyroFixedPoint.mulDownU (63 / 63)
    │   │   │   │   └─(I)─ GyroFixedPoint.mulDownU (63 / 63)
    │   │   │   └─(I)─ GyroThreeMath._calculateCubic (144 / 13,388)
    │   │   │       │─(I)─ GyroThreeMath._calculateCubicStartingPoint (352 / 2,782)
    │   │   │       │   │─(I)─ GyroFixedPoint.mulUpU (115 / 115)
    │   │   │       │   │─(I)─ GyroFixedPoint.mulUpU (115 / 115)
    │   │   │       │   │─(I)─ GyroPoolMath._sqrt (827 / 1,842)
    │   │   │       │   │   │─(I)─ GyroPoolMath._makeInitialGuess (119 / 331)
    │   │   │       │   │   │   └─(I)─ GyroPoolMath._intLog2Halved (212 / 212)
    │   │   │       │   │   │─(I)─ GyroFixedPoint.mulDown (152 / 152)
    │   │   │       │   │   │─(I)─ GyroFixedPoint.mulUp (191 / 191)
    │   │   │       │   │   │─(I)─ GyroFixedPoint.add (75 / 75)
    │   │   │       │   │   │─(I)─ GyroFixedPoint.mulUp (191 / 191)
    │   │   │       │   │   └─(I)─ GyroFixedPoint.sub (75 / 75)
    │   │   │       │   │─(I)─ GyroFixedPoint.divUpU (128 / 128)
    │   │   │       │   │─(I)─ GyroFixedPoint.mulUpU (115 / 115)
    │   │   │       │   └─(I)─ GyroFixedPoint.mulUpU (115 / 115)
    │   │   │       └─(I)─ GyroThreeMath._runNewtonIteration (1,407 / 10,462)
    │   │   │           │─(I)─ GyroThreeMath._calcNewtonDelta (785 / 1,745)
    │   │   │           │   │─(I)─ GyroFixedPoint.mulDownU (63 / 63)
    │   │   │           │   │─(I)─ GyroFixedPoint.mulDownU (63 / 63)
    │   │   │           │   │─(I)─ GyroFixedPoint.mulDownU (63 / 63)
    │   │   │           │   │─(I)─ GyroFixedPoint.mulDownU (63 / 63)
    │   │   │           │   │─(I)─ GyroFixedPoint.mulDownU (63 / 63)
    │   │   │           │   │─(I)─ GyroFixedPoint.mulDownU (63 / 63)
    │   │   │           │   │─(I)─ GyroFixedPoint.mulDownU (63 / 63)
    │   │   │           │   │─(I)─ GyroFixedPoint.mulDownU (63 / 63)
    │   │   │           │   │─(I)─ GyroFixedPoint.mulDownU (63 / 63)
    │   │   │           │   │─(I)─ GyroFixedPoint.divDownU (89 / 89)
    │   │   │           │   │─(I)─ GyroFixedPoint.mulDownU (63 / 63)
    │   │   │           │   │─(I)─ GyroFixedPoint.mulDownU (63 / 63)
    │   │   │           │   │─(I)─ GyroFixedPoint.divDownU (89 / 89)
    │   │   │           │   └─(I)─ GyroFixedPoint.divDownU (89 / 89)
    │   │   │           │─(I)─ GyroFixedPoint.add (75 / 75)
    │   │   │           │─(I)─ GyroThreeMath._calcNewtonDelta (795 / 1,755)
    │   │   │           │   │─(I)─ GyroFixedPoint.mulDownU (63 / 63)
    │   │   │           │   │─(I)─ GyroFixedPoint.mulDownU (63 / 63)
    │   │   │           │   │─(I)─ GyroFixedPoint.mulDownU (63 / 63)
    │   │   │           │   │─(I)─ GyroFixedPoint.mulDownU (63 / 63)
    │   │   │           │   │─(I)─ GyroFixedPoint.mulDownU (63 / 63)
    │   │   │           │   │─(I)─ GyroFixedPoint.mulDownU (63 / 63)
    │   │   │           │   │─(I)─ GyroFixedPoint.mulDownU (63 / 63)
    │   │   │           │   │─(I)─ GyroFixedPoint.mulDownU (63 / 63)
    │   │   │           │   │─(I)─ GyroFixedPoint.mulDownU (63 / 63)
    │   │   │           │   │─(I)─ GyroFixedPoint.divDownU (89 / 89)
    │   │   │           │   │─(I)─ GyroFixedPoint.mulDownU (63 / 63)
    │   │   │           │   │─(I)─ GyroFixedPoint.mulDownU (63 / 63)
    │   │   │           │   │─(I)─ GyroFixedPoint.divDownU (89 / 89)
    │   │   │           │   └─(I)─ GyroFixedPoint.divDownU (89 / 89)
    │   │   │           │─(I)─ GyroFixedPoint.sub (75 / 75)
    │   │   │           │─(I)─ GyroThreeMath._calcNewtonDelta (795 / 1,755)
    │   │   │           │   │─(I)─ GyroFixedPoint.mulDownU (63 / 63)
    │   │   │           │   │─(I)─ GyroFixedPoint.mulDownU (63 / 63)
    │   │   │           │   │─(I)─ GyroFixedPoint.mulDownU (63 / 63)
    │   │   │           │   │─(I)─ GyroFixedPoint.mulDownU (63 / 63)
    │   │   │           │   │─(I)─ GyroFixedPoint.mulDownU (63 / 63)
    │   │   │           │   │─(I)─ GyroFixedPoint.mulDownU (63 / 63)
    │   │   │           │   │─(I)─ GyroFixedPoint.mulDownU (63 / 63)
    │   │   │           │   │─(I)─ GyroFixedPoint.mulDownU (63 / 63)
    │   │   │           │   │─(I)─ GyroFixedPoint.mulDownU (63 / 63)
    │   │   │           │   │─(I)─ GyroFixedPoint.divDownU (89 / 89)
    │   │   │           │   │─(I)─ GyroFixedPoint.mulDownU (63 / 63)
    │   │   │           │   │─(I)─ GyroFixedPoint.mulDownU (63 / 63)
    │   │   │           │   │─(I)─ GyroFixedPoint.divDownU (89 / 89)
    │   │   │           │   └─(I)─ GyroFixedPoint.divDownU (89 / 89)
    │   │   │           │─(I)─ GyroFixedPoint.sub (75 / 75)
    │   │   │           │─(I)─ GyroThreeMath._calcNewtonDelta (795 / 1,755)
    │   │   │           │   │─(I)─ GyroFixedPoint.mulDownU (63 / 63)
    │   │   │           │   │─(I)─ GyroFixedPoint.mulDownU (63 / 63)
    │   │   │           │   │─(I)─ GyroFixedPoint.mulDownU (63 / 63)
    │   │   │           │   │─(I)─ GyroFixedPoint.mulDownU (63 / 63)
    │   │   │           │   │─(I)─ GyroFixedPoint.mulDownU (63 / 63)
    │   │   │           │   │─(I)─ GyroFixedPoint.mulDownU (63 / 63)
    │   │   │           │   │─(I)─ GyroFixedPoint.mulDownU (63 / 63)
    │   │   │           │   │─(I)─ GyroFixedPoint.mulDownU (63 / 63)
    │   │   │           │   │─(I)─ GyroFixedPoint.mulDownU (63 / 63)
    │   │   │           │   │─(I)─ GyroFixedPoint.divDownU (89 / 89)
    │   │   │           │   │─(I)─ GyroFixedPoint.mulDownU (63 / 63)
    │   │   │           │   │─(I)─ GyroFixedPoint.mulDownU (63 / 63)
    │   │   │           │   │─(I)─ GyroFixedPoint.divDownU (89 / 89)
    │   │   │           │   └─(I)─ GyroFixedPoint.divDownU (89 / 89)
    │   │   │           │─(I)─ GyroFixedPoint.sub (75 / 75)
    │   │   │           └─(I)─ GyroThreeMath._calcNewtonDelta (785 / 1,745)
    │   │   │               │─(I)─ GyroFixedPoint.mulDownU (63 / 63)
    │   │   │               │─(I)─ GyroFixedPoint.mulDownU (63 / 63)
    │   │   │               │─(I)─ GyroFixedPoint.mulDownU (63 / 63)
    │   │   │               │─(I)─ GyroFixedPoint.mulDownU (63 / 63)
    │   │   │               │─(I)─ GyroFixedPoint.mulDownU (63 / 63)
    │   │   │               │─(I)─ GyroFixedPoint.mulDownU (63 / 63)
    │   │   │               │─(I)─ GyroFixedPoint.mulDownU (63 / 63)
    │   │   │               │─(I)─ GyroFixedPoint.mulDownU (63 / 63)
    │   │   │               │─(I)─ GyroFixedPoint.mulDownU (63 / 63)
    │   │   │               │─(I)─ GyroFixedPoint.divDownU (89 / 89)
    │   │   │               │─(I)─ GyroFixedPoint.mulDownU (63 / 63)
    │   │   │               │─(I)─ GyroFixedPoint.mulDownU (63 / 63)
    │   │   │               │─(I)─ GyroFixedPoint.divDownU (89 / 89)
    │   │   │               └─(I)─ GyroFixedPoint.divDownU (89 / 89)
    │   │   └─(I)─ GyroFixedPoint.mulDown (152 / 152)
    │   └─(I)─ GyroThreeMath._calcOutGivenIn (340 / 796)
    │       │─(I)─ GyroFixedPoint.mulDownU (63 / 63)
    │       │─(I)─ GyroFixedPoint.mulUpU (115 / 115)
    │       │─(I)─ GyroFixedPoint.mulDownU (63 / 63)
    │       │─(I)─ GyroFixedPoint.mulDownU (63 / 63)
    │       │─(I)─ GyroFixedPoint.divDownU (89 / 89)
    │       └─(I)─ GyroFixedPoint.mulDownU (63 / 63)
    │─(S)─ MockVault.getPoolTokens (17,063 / 17,063)
    └─(I)─ BasePool._downscaleDown (48 / 293)
        └─(I)─ FixedPoint.divDown (185 / 245)
            │─(I)─ _require (30 / 30)
            └─(I)─ _require (30 / 30)


----- 5: Join (After Swap) -----

 MockVault.callJoinPoolGyro (50,393 / 116,633)
└─(C)─ GyroThreePool.onJoinPool (4,006 / 66,240)
    │─(I)─ BasePool.onJoinPool (365 / 61,018)
    │   │─(I)─ BalancerPoolToken.getVault (23 / 23)
    │   │─(I)─ _require (30 / 30)
    │   │─(I)─ BasePool.getPoolId (23 / 23)
    │   │─(I)─ _require (30 / 30)
    │   │─(I)─ GyroThreePool._scalingFactors (426 / 449)
    │   │   └─(I)─ GyroThreePool._getTotalTokens (23 / 23)
    │   │─(I)─ ERC20.totalSupply (823 / 823)
    │   │─(I)─ BasePool._upscaleArray (789 / 1,439)
    │   │   │─(I)─ GyroThreePool._getTotalTokens (23 / 23)
    │   │   │─(I)─ FixedPoint.mulDown (156 / 186)
    │   │   │   └─(I)─ _require (30 / 30)
    │   │   │─(I)─ GyroThreePool._getTotalTokens (23 / 23)
    │   │   │─(I)─ FixedPoint.mulDown (156 / 186)
    │   │   │   └─(I)─ _require (30 / 30)
    │   │   │─(I)─ GyroThreePool._getTotalTokens (23 / 23)
    │   │   │─(I)─ FixedPoint.mulDown (156 / 186)
    │   │   │   └─(I)─ _require (30 / 30)
    │   │   └─(I)─ GyroThreePool._getTotalTokens (23 / 23)
    │   │─(I)─ GyroThreePool._onJoinPool (6,258 / 40,788)
    │   │   │─(I)─ GyroThreeMath._calculateInvariant (343 / 15,417)
    │   │   │   │─(I)─ GyroThreeMath._calculateCubicTerms (1,046 / 1,676)
    │   │   │   │   │─(I)─ GyroFixedPoint.mulDownU (63 / 63)
    │   │   │   │   │─(I)─ GyroFixedPoint.mulDownU (63 / 63)
    │   │   │   │   │─(I)─ GyroFixedPoint.mulDownU (63 / 63)
    │   │   │   │   │─(I)─ GyroFixedPoint.mulDownU (63 / 63)
    │   │   │   │   │─(I)─ GyroFixedPoint.mulDownU (63 / 63)
    │   │   │   │   │─(I)─ GyroFixedPoint.mulDownU (63 / 63)
    │   │   │   │   │─(I)─ GyroFixedPoint.mulDownU (63 / 63)
    │   │   │   │   │─(I)─ GyroFixedPoint.mulDownU (63 / 63)
    │   │   │   │   │─(I)─ GyroFixedPoint.mulDownU (63 / 63)
    │   │   │   │   └─(I)─ GyroFixedPoint.mulDownU (63 / 63)
    │   │   │   └─(I)─ GyroThreeMath._calculateCubic (144 / 13,398)
    │   │   │       │─(I)─ GyroThreeMath._calculateCubicStartingPoint (352 / 2,782)
    │   │   │       │   │─(I)─ GyroFixedPoint.mulUpU (115 / 115)
    │   │   │       │   │─(I)─ GyroFixedPoint.mulUpU (115 / 115)
    │   │   │       │   │─(I)─ GyroPoolMath._sqrt (827 / 1,842)
    │   │   │       │   │   │─(I)─ GyroPoolMath._makeInitialGuess (119 / 331)
    │   │   │       │   │   │   └─(I)─ GyroPoolMath._intLog2Halved (212 / 212)
    │   │   │       │   │   │─(I)─ GyroFixedPoint.mulDown (152 / 152)
    │   │   │       │   │   │─(I)─ GyroFixedPoint.mulUp (191 / 191)
    │   │   │       │   │   │─(I)─ GyroFixedPoint.add (75 / 75)
    │   │   │       │   │   │─(I)─ GyroFixedPoint.mulUp (191 / 191)
    │   │   │       │   │   └─(I)─ GyroFixedPoint.sub (75 / 75)
    │   │   │       │   │─(I)─ GyroFixedPoint.divUpU (128 / 128)
    │   │   │       │   │─(I)─ GyroFixedPoint.mulUpU (115 / 115)
    │   │   │       │   └─(I)─ GyroFixedPoint.mulUpU (115 / 115)
    │   │   │       └─(I)─ GyroThreeMath._runNewtonIteration (1,407 / 10,472)
    │   │   │           │─(I)─ GyroThreeMath._calcNewtonDelta (785 / 1,745)
    │   │   │           │   │─(I)─ GyroFixedPoint.mulDownU (63 / 63)
    │   │   │           │   │─(I)─ GyroFixedPoint.mulDownU (63 / 63)
    │   │   │           │   │─(I)─ GyroFixedPoint.mulDownU (63 / 63)
    │   │   │           │   │─(I)─ GyroFixedPoint.mulDownU (63 / 63)
    │   │   │           │   │─(I)─ GyroFixedPoint.mulDownU (63 / 63)
    │   │   │           │   │─(I)─ GyroFixedPoint.mulDownU (63 / 63)
    │   │   │           │   │─(I)─ GyroFixedPoint.mulDownU (63 / 63)
    │   │   │           │   │─(I)─ GyroFixedPoint.mulDownU (63 / 63)
    │   │   │           │   │─(I)─ GyroFixedPoint.mulDownU (63 / 63)
    │   │   │           │   │─(I)─ GyroFixedPoint.divDownU (89 / 89)
    │   │   │           │   │─(I)─ GyroFixedPoint.mulDownU (63 / 63)
    │   │   │           │   │─(I)─ GyroFixedPoint.mulDownU (63 / 63)
    │   │   │           │   │─(I)─ GyroFixedPoint.divDownU (89 / 89)
    │   │   │           │   └─(I)─ GyroFixedPoint.divDownU (89 / 89)
    │   │   │           │─(I)─ GyroFixedPoint.add (75 / 75)
    │   │   │           │─(I)─ GyroThreeMath._calcNewtonDelta (795 / 1,755)
    │   │   │           │   │─(I)─ GyroFixedPoint.mulDownU (63 / 63)
    │   │   │           │   │─(I)─ GyroFixedPoint.mulDownU (63 / 63)
    │   │   │           │   │─(I)─ GyroFixedPoint.mulDownU (63 / 63)
    │   │   │           │   │─(I)─ GyroFixedPoint.mulDownU (63 / 63)
    │   │   │           │   │─(I)─ GyroFixedPoint.mulDownU (63 / 63)
    │   │   │           │   │─(I)─ GyroFixedPoint.mulDownU (63 / 63)
    │   │   │           │   │─(I)─ GyroFixedPoint.mulDownU (63 / 63)
    │   │   │           │   │─(I)─ GyroFixedPoint.mulDownU (63 / 63)
    │   │   │           │   │─(I)─ GyroFixedPoint.mulDownU (63 / 63)
    │   │   │           │   │─(I)─ GyroFixedPoint.divDownU (89 / 89)
    │   │   │           │   │─(I)─ GyroFixedPoint.mulDownU (63 / 63)
    │   │   │           │   │─(I)─ GyroFixedPoint.mulDownU (63 / 63)
    │   │   │           │   │─(I)─ GyroFixedPoint.divDownU (89 / 89)
    │   │   │           │   └─(I)─ GyroFixedPoint.divDownU (89 / 89)
    │   │   │           │─(I)─ GyroFixedPoint.sub (75 / 75)
    │   │   │           │─(I)─ GyroThreeMath._calcNewtonDelta (795 / 1,755)
    │   │   │           │   │─(I)─ GyroFixedPoint.mulDownU (63 / 63)
    │   │   │           │   │─(I)─ GyroFixedPoint.mulDownU (63 / 63)
    │   │   │           │   │─(I)─ GyroFixedPoint.mulDownU (63 / 63)
    │   │   │           │   │─(I)─ GyroFixedPoint.mulDownU (63 / 63)
    │   │   │           │   │─(I)─ GyroFixedPoint.mulDownU (63 / 63)
    │   │   │           │   │─(I)─ GyroFixedPoint.mulDownU (63 / 63)
    │   │   │           │   │─(I)─ GyroFixedPoint.mulDownU (63 / 63)
    │   │   │           │   │─(I)─ GyroFixedPoint.mulDownU (63 / 63)
    │   │   │           │   │─(I)─ GyroFixedPoint.mulDownU (63 / 63)
    │   │   │           │   │─(I)─ GyroFixedPoint.divDownU (89 / 89)
    │   │   │           │   │─(I)─ GyroFixedPoint.mulDownU (63 / 63)
    │   │   │           │   │─(I)─ GyroFixedPoint.mulDownU (63 / 63)
    │   │   │           │   │─(I)─ GyroFixedPoint.divDownU (89 / 89)
    │   │   │           │   └─(I)─ GyroFixedPoint.divDownU (89 / 89)
    │   │   │           │─(I)─ GyroFixedPoint.sub (75 / 75)
    │   │   │           │─(I)─ GyroThreeMath._calcNewtonDelta (795 / 1,755)
    │   │   │           │   │─(I)─ GyroFixedPoint.mulDownU (63 / 63)
    │   │   │           │   │─(I)─ GyroFixedPoint.mulDownU (63 / 63)
    │   │   │           │   │─(I)─ GyroFixedPoint.mulDownU (63 / 63)
    │   │   │           │   │─(I)─ GyroFixedPoint.mulDownU (63 / 63)
    │   │   │           │   │─(I)─ GyroFixedPoint.mulDownU (63 / 63)
    │   │   │           │   │─(I)─ GyroFixedPoint.mulDownU (63 / 63)
    │   │   │           │   │─(I)─ GyroFixedPoint.mulDownU (63 / 63)
    │   │   │           │   │─(I)─ GyroFixedPoint.mulDownU (63 / 63)
    │   │   │           │   │─(I)─ GyroFixedPoint.mulDownU (63 / 63)
    │   │   │           │   │─(I)─ GyroFixedPoint.divDownU (89 / 89)
    │   │   │           │   │─(I)─ GyroFixedPoint.mulDownU (63 / 63)
    │   │   │           │   │─(I)─ GyroFixedPoint.mulDownU (63 / 63)
    │   │   │           │   │─(I)─ GyroFixedPoint.divDownU (89 / 89)
    │   │   │           │   └─(I)─ GyroFixedPoint.divDownU (89 / 89)
    │   │   │           │─(I)─ GyroFixedPoint.sub (75 / 75)
    │   │   │           └─(I)─ GyroThreeMath._calcNewtonDelta (795 / 1,755)
    │   │   │               │─(I)─ GyroFixedPoint.mulDownU (63 / 63)
    │   │   │               │─(I)─ GyroFixedPoint.mulDownU (63 / 63)
    │   │   │               │─(I)─ GyroFixedPoint.mulDownU (63 / 63)
    │   │   │               │─(I)─ GyroFixedPoint.mulDownU (63 / 63)
    │   │   │               │─(I)─ GyroFixedPoint.mulDownU (63 / 63)
    │   │   │               │─(I)─ GyroFixedPoint.mulDownU (63 / 63)
    │   │   │               │─(I)─ GyroFixedPoint.mulDownU (63 / 63)
    │   │   │               │─(I)─ GyroFixedPoint.mulDownU (63 / 63)
    │   │   │               │─(I)─ GyroFixedPoint.mulDownU (63 / 63)
    │   │   │               │─(I)─ GyroFixedPoint.divDownU (89 / 89)
    │   │   │               │─(I)─ GyroFixedPoint.mulDownU (63 / 63)
    │   │   │               │─(I)─ GyroFixedPoint.mulDownU (63 / 63)
    │   │   │               │─(I)─ GyroFixedPoint.divDownU (89 / 89)
    │   │   │               └─(I)─ GyroFixedPoint.divDownU (89 / 89)
    │   │   │─(I)─ GyroThreePool._distributeFees (899 / 13,754)
    │   │   │   │─(I)─ GyroThreePool._getDueProtocolFeeAmounts (164 / 12,786)
    │   │   │   │   └─(I)─ GyroThreePool._getFeesMetadata (12,622 / 12,622)
    │   │   │   └─(I)─ GyroThreePool._payFeesBpt (69 / 69)
    │   │   │─(I)─ GyroThreePool._doJoin (186 / 3,904)
    │   │   │   │─(I)─ WeightedPoolUserDataHelpers.joinKind (249 / 249)
    │   │   │   └─(I)─ GyroThreePool._joinAllTokensInForExactBPTOut (118 / 3,469)
    │   │   │       │─(I)─ WeightedPoolUserDataHelpers.allTokensInForExactBptOut (430 / 430)
    │   │   │       │─(I)─ ERC20.totalSupply (823 / 823)
    │   │   │       └─(I)─ GyroPoolMath._calcAllTokensInGivenExactBptOut (958 / 2,098)
    │   │   │           │─(I)─ GyroFixedPoint.mulUp (191 / 191)
    │   │   │           │─(I)─ GyroFixedPoint.divUp (189 / 189)
    │   │   │           │─(I)─ GyroFixedPoint.mulUp (191 / 191)
    │   │   │           │─(I)─ GyroFixedPoint.divUp (189 / 189)
    │   │   │           │─(I)─ GyroFixedPoint.mulUp (191 / 191)
    │   │   │           └─(I)─ GyroFixedPoint.divUp (189 / 189)
    │   │   │─(I)─ ERC20.totalSupply (823 / 823)
    │   │   └─(I)─ GyroPoolMath.liquidityInvariantUpdate (177 / 632)
    │   │       │─(I)─ GyroFixedPoint.mulUp (191 / 191)
    │   │       │─(I)─ GyroFixedPoint.divUp (189 / 189)
    │   │       └─(I)─ GyroFixedPoint.add (75 / 75)
    │   │─(I)─ BalancerPoolToken._mintPoolTokens (34 / 14,134)
    │   │   └─(I)─ ERC20._mint (13,867 / 14,100)
    │   │       │─(I)─ ERC20._beforeTokenTransfer (15 / 15)
    │   │       │─(I)─ SafeMath.add (79 / 109)
    │   │       │   └─(I)─ _require (30 / 30)
    │   │       └─(I)─ SafeMath.add (79 / 109)
    │   │           └─(I)─ _require (30 / 30)
    │   │─(I)─ BasePool._downscaleUpArray (789 / 1,652)
    │   │   │─(I)─ GyroThreePool._getTotalTokens (23 / 23)
    │   │   │─(I)─ FixedPoint.divUp (197 / 257)
    │   │   │   │─(I)─ _require (30 / 30)
    │   │   │   └─(I)─ _require (30 / 30)
    │   │   │─(I)─ GyroThreePool._getTotalTokens (23 / 23)
    │   │   │─(I)─ FixedPoint.divUp (197 / 257)
    │   │   │   │─(I)─ _require (30 / 30)
    │   │   │   └─(I)─ _require (30 / 30)
    │   │   │─(I)─ GyroThreePool._getTotalTokens (23 / 23)
    │   │   │─(I)─ FixedPoint.divUp (197 / 257)
    │   │   │   │─(I)─ _require (30 / 30)
    │   │   │   └─(I)─ _require (30 / 30)
    │   │   └─(I)─ GyroThreePool._getTotalTokens (23 / 23)
    │   └─(I)─ BasePool._downscaleDownArray (789 / 1,262)
    │       │─(I)─ GyroThreePool._getTotalTokens (23 / 23)
    │       │─(I)─ FixedPoint.divDown (97 / 127)
    │       │   └─(I)─ _require (30 / 30)
    │       │─(I)─ GyroThreePool._getTotalTokens (23 / 23)
    │       │─(I)─ FixedPoint.divDown (97 / 127)
    │       │   └─(I)─ _require (30 / 30)
    │       │─(I)─ GyroThreePool._getTotalTokens (23 / 23)
    │       │─(I)─ FixedPoint.divDown (97 / 127)
    │       │   └─(I)─ _require (30 / 30)
    │       └─(I)─ GyroThreePool._getTotalTokens (23 / 23)
    │─(S)─ MockGyroConfig.getUint (327 / 327)
    │─(S)─ MockGyroConfig.getUint (337 / 337)
    │─(S)─ MockGyroConfig.getAddress (276 / 276)
    └─(S)─ MockGyroConfig.getAddress (276 / 276)


----- 6: Swap (Again After Join) -----

 MockVault.callMinimalGyroPoolSwap (21,430 / 68,738)
└─(C)─ GyroThreePool.onSwap (-13,641 / 47,308)
    │─(I)─ BaseMinimalSwapInfoPool.onSwap (382 / 2,344)
    │   │─(I)─ BalancerPoolToken.getVault (23 / 23)
    │   │─(I)─ _require (30 / 30)
    │   │─(I)─ BasePool.getPoolId (23 / 23)
    │   │─(I)─ _require (30 / 30)
    │   │─(I)─ GyroThreePool._scalingFactor (77 / 77)
    │   │─(I)─ GyroThreePool._scalingFactor (116 / 116)
    │   │─(I)─ BasePool._subtractSwapFeeAmount (119 / 1,360)
    │   │   │─(I)─ BasePool.getSwapFeePercentage (856 / 907)
    │   │   │   └─(I)─ WordCodec.decodeUint64 (51 / 51)
    │   │   │─(I)─ FixedPoint.mulUp (195 / 225)
    │   │   │   └─(I)─ _require (30 / 30)
    │   │   └─(I)─ FixedPoint.sub (79 / 109)
    │   │       └─(I)─ _require (30 / 30)
    │   │─(I)─ BasePool._upscale (48 / 234)
    │   │   └─(I)─ FixedPoint.mulDown (156 / 186)
    │   │       └─(I)─ _require (30 / 30)
    │   └─(I)─ BaseMinimalSwapInfoPool._processSwapFeeAmount (49 / 69)
    │       └─(I)─ BaseMinimalSwapInfoPool._tokenAddressToIndex (20 / 20)
    │─(I)─ BasePool._upscale (48 / 234)
    │   └─(I)─ FixedPoint.mulDown (156 / 186)
    │       └─(I)─ _require (30 / 30)
    │─(I)─ BasePool._upscale (48 / 234)
    │   └─(I)─ FixedPoint.mulDown (156 / 186)
    │       └─(I)─ _require (30 / 30)
    │─(I)─ BasePool._upscale (48 / 234)
    │   └─(I)─ FixedPoint.mulDown (156 / 186)
    │       └─(I)─ _require (30 / 30)
    │─(I)─ GyroThreePool._onSwapGivenIn (135 / 40,547)
    │   │─(I)─ TemporarilyPausable._ensureNotPaused (42 / 152)
    │   │   │─(I)─ TemporarilyPausable._isNotPaused (57 / 80)
    │   │   │   └─(I)─ TemporarilyPausable._getBufferPeriodEndTime (23 / 23)
    │   │   └─(I)─ _require (30 / 30)
    │   │─(I)─ GyroThreePool._calculateVirtualOffset (21,927 / 39,464)
    │   │   │─(I)─ BalancerPoolToken.getVault (23 / 23)
    │   │   │─(I)─ BasePool.getPoolId (23 / 23)
    │   │   │─(I)─ GyroThreePool._scalingFactors (429 / 452)
    │   │   │   └─(I)─ GyroThreePool._getTotalTokens (23 / 23)
    │   │   │─(I)─ BasePool._upscaleArray (789 / 1,439)
    │   │   │   │─(I)─ GyroThreePool._getTotalTokens (23 / 23)
    │   │   │   │─(I)─ FixedPoint.mulDown (156 / 186)
    │   │   │   │   └─(I)─ _require (30 / 30)
    │   │   │   │─(I)─ GyroThreePool._getTotalTokens (23 / 23)
    │   │   │   │─(I)─ FixedPoint.mulDown (156 / 186)
    │   │   │   │   └─(I)─ _require (30 / 30)
    │   │   │   │─(I)─ GyroThreePool._getTotalTokens (23 / 23)
    │   │   │   │─(I)─ FixedPoint.mulDown (156 / 186)
    │   │   │   │   └─(I)─ _require (30 / 30)
    │   │   │   └─(I)─ GyroThreePool._getTotalTokens (23 / 23)
    │   │   │─(I)─ GyroThreeMath._calculateInvariant (343 / 15,448)
    │   │   │   │─(I)─ GyroThreeMath._calculateCubicTerms (1,046 / 1,676)
    │   │   │   │   │─(I)─ GyroFixedPoint.mulDownU (63 / 63)
    │   │   │   │   │─(I)─ GyroFixedPoint.mulDownU (63 / 63)
    │   │   │   │   │─(I)─ GyroFixedPoint.mulDownU (63 / 63)
    │   │   │   │   │─(I)─ GyroFixedPoint.mulDownU (63 / 63)
    │   │   │   │   │─(I)─ GyroFixedPoint.mulDownU (63 / 63)
    │   │   │   │   │─(I)─ GyroFixedPoint.mulDownU (63 / 63)
    │   │   │   │   │─(I)─ GyroFixedPoint.mulDownU (63 / 63)
    │   │   │   │   │─(I)─ GyroFixedPoint.mulDownU (63 / 63)
    │   │   │   │   │─(I)─ GyroFixedPoint.mulDownU (63 / 63)
    │   │   │   │   └─(I)─ GyroFixedPoint.mulDownU (63 / 63)
    │   │   │   └─(I)─ GyroThreeMath._calculateCubic (144 / 13,429)
    │   │   │       │─(I)─ GyroThreeMath._calculateCubicStartingPoint (352 / 2,813)
    │   │   │       │   │─(I)─ GyroFixedPoint.mulUpU (115 / 115)
    │   │   │       │   │─(I)─ GyroFixedPoint.mulUpU (115 / 115)
    │   │   │       │   │─(I)─ GyroPoolMath._sqrt (827 / 1,873)
    │   │   │       │   │   │─(I)─ GyroPoolMath._makeInitialGuess (119 / 362)
    │   │   │       │   │   │   └─(I)─ GyroPoolMath._intLog2Halved (243 / 243)
    │   │   │       │   │   │─(I)─ GyroFixedPoint.mulDown (152 / 152)
    │   │   │       │   │   │─(I)─ GyroFixedPoint.mulUp (191 / 191)
    │   │   │       │   │   │─(I)─ GyroFixedPoint.add (75 / 75)
    │   │   │       │   │   │─(I)─ GyroFixedPoint.mulUp (191 / 191)
    │   │   │       │   │   └─(I)─ GyroFixedPoint.sub (75 / 75)
    │   │   │       │   │─(I)─ GyroFixedPoint.divUpU (128 / 128)
    │   │   │       │   │─(I)─ GyroFixedPoint.mulUpU (115 / 115)
    │   │   │       │   └─(I)─ GyroFixedPoint.mulUpU (115 / 115)
    │   │   │       └─(I)─ GyroThreeMath._runNewtonIteration (1,407 / 10,472)
    │   │   │           │─(I)─ GyroThreeMath._calcNewtonDelta (785 / 1,745)
    │   │   │           │   │─(I)─ GyroFixedPoint.mulDownU (63 / 63)
    │   │   │           │   │─(I)─ GyroFixedPoint.mulDownU (63 / 63)
    │   │   │           │   │─(I)─ GyroFixedPoint.mulDownU (63 / 63)
    │   │   │           │   │─(I)─ GyroFixedPoint.mulDownU (63 / 63)
    │   │   │           │   │─(I)─ GyroFixedPoint.mulDownU (63 / 63)
    │   │   │           │   │─(I)─ GyroFixedPoint.mulDownU (63 / 63)
    │   │   │           │   │─(I)─ GyroFixedPoint.mulDownU (63 / 63)
    │   │   │           │   │─(I)─ GyroFixedPoint.mulDownU (63 / 63)
    │   │   │           │   │─(I)─ GyroFixedPoint.mulDownU (63 / 63)
    │   │   │           │   │─(I)─ GyroFixedPoint.divDownU (89 / 89)
    │   │   │           │   │─(I)─ GyroFixedPoint.mulDownU (63 / 63)
    │   │   │           │   │─(I)─ GyroFixedPoint.mulDownU (63 / 63)
    │   │   │           │   │─(I)─ GyroFixedPoint.divDownU (89 / 89)
    │   │   │           │   └─(I)─ GyroFixedPoint.divDownU (89 / 89)
    │   │   │           │─(I)─ GyroFixedPoint.add (75 / 75)
    │   │   │           │─(I)─ GyroThreeMath._calcNewtonDelta (795 / 1,755)
    │   │   │           │   │─(I)─ GyroFixedPoint.mulDownU (63 / 63)
    │   │   │           │   │─(I)─ GyroFixedPoint.mulDownU (63 / 63)
    │   │   │           │   │─(I)─ GyroFixedPoint.mulDownU (63 / 63)
    │   │   │           │   │─(I)─ GyroFixedPoint.mulDownU (63 / 63)
    │   │   │           │   │─(I)─ GyroFixedPoint.mulDownU (63 / 63)
    │   │   │           │   │─(I)─ GyroFixedPoint.mulDownU (63 / 63)
    │   │   │           │   │─(I)─ GyroFixedPoint.mulDownU (63 / 63)
    │   │   │           │   │─(I)─ GyroFixedPoint.mulDownU (63 / 63)
    │   │   │           │   │─(I)─ GyroFixedPoint.mulDownU (63 / 63)
    │   │   │           │   │─(I)─ GyroFixedPoint.divDownU (89 / 89)
    │   │   │           │   │─(I)─ GyroFixedPoint.mulDownU (63 / 63)
    │   │   │           │   │─(I)─ GyroFixedPoint.mulDownU (63 / 63)
    │   │   │           │   │─(I)─ GyroFixedPoint.divDownU (89 / 89)
    │   │   │           │   └─(I)─ GyroFixedPoint.divDownU (89 / 89)
    │   │   │           │─(I)─ GyroFixedPoint.sub (75 / 75)
    │   │   │           │─(I)─ GyroThreeMath._calcNewtonDelta (795 / 1,755)
    │   │   │           │   │─(I)─ GyroFixedPoint.mulDownU (63 / 63)
    │   │   │           │   │─(I)─ GyroFixedPoint.mulDownU (63 / 63)
    │   │   │           │   │─(I)─ GyroFixedPoint.mulDownU (63 / 63)
    │   │   │           │   │─(I)─ GyroFixedPoint.mulDownU (63 / 63)
    │   │   │           │   │─(I)─ GyroFixedPoint.mulDownU (63 / 63)
    │   │   │           │   │─(I)─ GyroFixedPoint.mulDownU (63 / 63)
    │   │   │           │   │─(I)─ GyroFixedPoint.mulDownU (63 / 63)
    │   │   │           │   │─(I)─ GyroFixedPoint.mulDownU (63 / 63)
    │   │   │           │   │─(I)─ GyroFixedPoint.mulDownU (63 / 63)
    │   │   │           │   │─(I)─ GyroFixedPoint.divDownU (89 / 89)
    │   │   │           │   │─(I)─ GyroFixedPoint.mulDownU (63 / 63)
    │   │   │           │   │─(I)─ GyroFixedPoint.mulDownU (63 / 63)
    │   │   │           │   │─(I)─ GyroFixedPoint.divDownU (89 / 89)
    │   │   │           │   └─(I)─ GyroFixedPoint.divDownU (89 / 89)
    │   │   │           │─(I)─ GyroFixedPoint.sub (75 / 75)
    │   │   │           │─(I)─ GyroThreeMath._calcNewtonDelta (795 / 1,755)
    │   │   │           │   │─(I)─ GyroFixedPoint.mulDownU (63 / 63)
    │   │   │           │   │─(I)─ GyroFixedPoint.mulDownU (63 / 63)
    │   │   │           │   │─(I)─ GyroFixedPoint.mulDownU (63 / 63)
    │   │   │           │   │─(I)─ GyroFixedPoint.mulDownU (63 / 63)
    │   │   │           │   │─(I)─ GyroFixedPoint.mulDownU (63 / 63)
    │   │   │           │   │─(I)─ GyroFixedPoint.mulDownU (63 / 63)
    │   │   │           │   │─(I)─ GyroFixedPoint.mulDownU (63 / 63)
    │   │   │           │   │─(I)─ GyroFixedPoint.mulDownU (63 / 63)
    │   │   │           │   │─(I)─ GyroFixedPoint.mulDownU (63 / 63)
    │   │   │           │   │─(I)─ GyroFixedPoint.divDownU (89 / 89)
    │   │   │           │   │─(I)─ GyroFixedPoint.mulDownU (63 / 63)
    │   │   │           │   │─(I)─ GyroFixedPoint.mulDownU (63 / 63)
    │   │   │           │   │─(I)─ GyroFixedPoint.divDownU (89 / 89)
    │   │   │           │   └─(I)─ GyroFixedPoint.divDownU (89 / 89)
    │   │   │           │─(I)─ GyroFixedPoint.sub (75 / 75)
    │   │   │           └─(I)─ GyroThreeMath._calcNewtonDelta (795 / 1,755)
    │   │   │               │─(I)─ GyroFixedPoint.mulDownU (63 / 63)
    │   │   │               │─(I)─ GyroFixedPoint.mulDownU (63 / 63)
    │   │   │               │─(I)─ GyroFixedPoint.mulDownU (63 / 63)
    │   │   │               │─(I)─ GyroFixedPoint.mulDownU (63 / 63)
    │   │   │               │─(I)─ GyroFixedPoint.mulDownU (63 / 63)
    │   │   │               │─(I)─ GyroFixedPoint.mulDownU (63 / 63)
    │   │   │               │─(I)─ GyroFixedPoint.mulDownU (63 / 63)
    │   │   │               │─(I)─ GyroFixedPoint.mulDownU (63 / 63)
    │   │   │               │─(I)─ GyroFixedPoint.mulDownU (63 / 63)
    │   │   │               │─(I)─ GyroFixedPoint.divDownU (89 / 89)
    │   │   │               │─(I)─ GyroFixedPoint.mulDownU (63 / 63)
    │   │   │               │─(I)─ GyroFixedPoint.mulDownU (63 / 63)
    │   │   │               │─(I)─ GyroFixedPoint.divDownU (89 / 89)
    │   │   │               └─(I)─ GyroFixedPoint.divDownU (89 / 89)
    │   │   └─(I)─ GyroFixedPoint.mulDown (152 / 152)
    │   └─(I)─ GyroThreeMath._calcOutGivenIn (340 / 796)
    │       │─(I)─ GyroFixedPoint.mulDownU (63 / 63)
    │       │─(I)─ GyroFixedPoint.mulUpU (115 / 115)
    │       │─(I)─ GyroFixedPoint.mulDownU (63 / 63)
    │       │─(I)─ GyroFixedPoint.mulDownU (63 / 63)
    │       │─(I)─ GyroFixedPoint.divDownU (89 / 89)
    │       └─(I)─ GyroFixedPoint.mulDownU (63 / 63)
    │─(S)─ MockVault.getPoolTokens (17,063 / 17,063)
    └─(I)─ BasePool._downscaleDown (48 / 293)
        └─(I)─ FixedPoint.divDown (185 / 245)
            │─(I)─ _require (30 / 30)
            └─(I)─ _require (30 / 30)


----- 7: Exit (After Swap) -----

 MockVault.callExitPoolGyro (48,587 / 113,132)
└─(C)─ GyroThreePool.onExitPool (4,108 / 64,545)
    │─(I)─ BasePool.onExitPool (239 / 56,343)
    │   │─(I)─ BalancerPoolToken.getVault (23 / 23)
    │   │─(I)─ _require (30 / 30)
    │   │─(I)─ BasePool.getPoolId (23 / 23)
    │   │─(I)─ _require (30 / 30)
    │   │─(I)─ GyroThreePool._scalingFactors (426 / 449)
    │   │   └─(I)─ GyroThreePool._getTotalTokens (23 / 23)
    │   │─(I)─ BasePool._upscaleArray (789 / 1,439)
    │   │   │─(I)─ GyroThreePool._getTotalTokens (23 / 23)
    │   │   │─(I)─ FixedPoint.mulDown (156 / 186)
    │   │   │   └─(I)─ _require (30 / 30)
    │   │   │─(I)─ GyroThreePool._getTotalTokens (23 / 23)
    │   │   │─(I)─ FixedPoint.mulDown (156 / 186)
    │   │   │   └─(I)─ _require (30 / 30)
    │   │   │─(I)─ GyroThreePool._getTotalTokens (23 / 23)
    │   │   │─(I)─ FixedPoint.mulDown (156 / 186)
    │   │   │   └─(I)─ _require (30 / 30)
    │   │   └─(I)─ GyroThreePool._getTotalTokens (23 / 23)
    │   │─(I)─ GyroThreePool._onExitPool (5,439 / 39,856)
    │   │   │─(I)─ TemporarilyPausable._isNotPaused (57 / 80)
    │   │   │   └─(I)─ TemporarilyPausable._getBufferPeriodEndTime (23 / 23)
    │   │   │─(I)─ GyroThreeMath._calculateInvariant (343 / 15,448)
    │   │   │   │─(I)─ GyroThreeMath._calculateCubicTerms (1,046 / 1,676)
    │   │   │   │   │─(I)─ GyroFixedPoint.mulDownU (63 / 63)
    │   │   │   │   │─(I)─ GyroFixedPoint.mulDownU (63 / 63)
    │   │   │   │   │─(I)─ GyroFixedPoint.mulDownU (63 / 63)
    │   │   │   │   │─(I)─ GyroFixedPoint.mulDownU (63 / 63)
    │   │   │   │   │─(I)─ GyroFixedPoint.mulDownU (63 / 63)
    │   │   │   │   │─(I)─ GyroFixedPoint.mulDownU (63 / 63)
    │   │   │   │   │─(I)─ GyroFixedPoint.mulDownU (63 / 63)
    │   │   │   │   │─(I)─ GyroFixedPoint.mulDownU (63 / 63)
    │   │   │   │   │─(I)─ GyroFixedPoint.mulDownU (63 / 63)
    │   │   │   │   └─(I)─ GyroFixedPoint.mulDownU (63 / 63)
    │   │   │   └─(I)─ GyroThreeMath._calculateCubic (144 / 13,429)
    │   │   │       │─(I)─ GyroThreeMath._calculateCubicStartingPoint (352 / 2,813)
    │   │   │       │   │─(I)─ GyroFixedPoint.mulUpU (115 / 115)
    │   │   │       │   │─(I)─ GyroFixedPoint.mulUpU (115 / 115)
    │   │   │       │   │─(I)─ GyroPoolMath._sqrt (827 / 1,873)
    │   │   │       │   │   │─(I)─ GyroPoolMath._makeInitialGuess (119 / 362)
    │   │   │       │   │   │   └─(I)─ GyroPoolMath._intLog2Halved (243 / 243)
    │   │   │       │   │   │─(I)─ GyroFixedPoint.mulDown (152 / 152)
    │   │   │       │   │   │─(I)─ GyroFixedPoint.mulUp (191 / 191)
    │   │   │       │   │   │─(I)─ GyroFixedPoint.add (75 / 75)
    │   │   │       │   │   │─(I)─ GyroFixedPoint.mulUp (191 / 191)
    │   │   │       │   │   └─(I)─ GyroFixedPoint.sub (75 / 75)
    │   │   │       │   │─(I)─ GyroFixedPoint.divUpU (128 / 128)
    │   │   │       │   │─(I)─ GyroFixedPoint.mulUpU (115 / 115)
    │   │   │       │   └─(I)─ GyroFixedPoint.mulUpU (115 / 115)
    │   │   │       └─(I)─ GyroThreeMath._runNewtonIteration (1,407 / 10,472)
    │   │   │           │─(I)─ GyroThreeMath._calcNewtonDelta (785 / 1,745)
    │   │   │           │   │─(I)─ GyroFixedPoint.mulDownU (63 / 63)
    │   │   │           │   │─(I)─ GyroFixedPoint.mulDownU (63 / 63)
    │   │   │           │   │─(I)─ GyroFixedPoint.mulDownU (63 / 63)
    │   │   │           │   │─(I)─ GyroFixedPoint.mulDownU (63 / 63)
    │   │   │           │   │─(I)─ GyroFixedPoint.mulDownU (63 / 63)
    │   │   │           │   │─(I)─ GyroFixedPoint.mulDownU (63 / 63)
    │   │   │           │   │─(I)─ GyroFixedPoint.mulDownU (63 / 63)
    │   │   │           │   │─(I)─ GyroFixedPoint.mulDownU (63 / 63)
    │   │   │           │   │─(I)─ GyroFixedPoint.mulDownU (63 / 63)
    │   │   │           │   │─(I)─ GyroFixedPoint.divDownU (89 / 89)
    │   │   │           │   │─(I)─ GyroFixedPoint.mulDownU (63 / 63)
    │   │   │           │   │─(I)─ GyroFixedPoint.mulDownU (63 / 63)
    │   │   │           │   │─(I)─ GyroFixedPoint.divDownU (89 / 89)
    │   │   │           │   └─(I)─ GyroFixedPoint.divDownU (89 / 89)
    │   │   │           │─(I)─ GyroFixedPoint.add (75 / 75)
    │   │   │           │─(I)─ GyroThreeMath._calcNewtonDelta (795 / 1,755)
    │   │   │           │   │─(I)─ GyroFixedPoint.mulDownU (63 / 63)
    │   │   │           │   │─(I)─ GyroFixedPoint.mulDownU (63 / 63)
    │   │   │           │   │─(I)─ GyroFixedPoint.mulDownU (63 / 63)
    │   │   │           │   │─(I)─ GyroFixedPoint.mulDownU (63 / 63)
    │   │   │           │   │─(I)─ GyroFixedPoint.mulDownU (63 / 63)
    │   │   │           │   │─(I)─ GyroFixedPoint.mulDownU (63 / 63)
    │   │   │           │   │─(I)─ GyroFixedPoint.mulDownU (63 / 63)
    │   │   │           │   │─(I)─ GyroFixedPoint.mulDownU (63 / 63)
    │   │   │           │   │─(I)─ GyroFixedPoint.mulDownU (63 / 63)
    │   │   │           │   │─(I)─ GyroFixedPoint.divDownU (89 / 89)
    │   │   │           │   │─(I)─ GyroFixedPoint.mulDownU (63 / 63)
    │   │   │           │   │─(I)─ GyroFixedPoint.mulDownU (63 / 63)
    │   │   │           │   │─(I)─ GyroFixedPoint.divDownU (89 / 89)
    │   │   │           │   └─(I)─ GyroFixedPoint.divDownU (89 / 89)
    │   │   │           │─(I)─ GyroFixedPoint.sub (75 / 75)
    │   │   │           │─(I)─ GyroThreeMath._calcNewtonDelta (795 / 1,755)
    │   │   │           │   │─(I)─ GyroFixedPoint.mulDownU (63 / 63)
    │   │   │           │   │─(I)─ GyroFixedPoint.mulDownU (63 / 63)
    │   │   │           │   │─(I)─ GyroFixedPoint.mulDownU (63 / 63)
    │   │   │           │   │─(I)─ GyroFixedPoint.mulDownU (63 / 63)
    │   │   │           │   │─(I)─ GyroFixedPoint.mulDownU (63 / 63)
    │   │   │           │   │─(I)─ GyroFixedPoint.mulDownU (63 / 63)
    │   │   │           │   │─(I)─ GyroFixedPoint.mulDownU (63 / 63)
    │   │   │           │   │─(I)─ GyroFixedPoint.mulDownU (63 / 63)
    │   │   │           │   │─(I)─ GyroFixedPoint.mulDownU (63 / 63)
    │   │   │           │   │─(I)─ GyroFixedPoint.divDownU (89 / 89)
    │   │   │           │   │─(I)─ GyroFixedPoint.mulDownU (63 / 63)
    │   │   │           │   │─(I)─ GyroFixedPoint.mulDownU (63 / 63)
    │   │   │           │   │─(I)─ GyroFixedPoint.divDownU (89 / 89)
    │   │   │           │   └─(I)─ GyroFixedPoint.divDownU (89 / 89)
    │   │   │           │─(I)─ GyroFixedPoint.sub (75 / 75)
    │   │   │           │─(I)─ GyroThreeMath._calcNewtonDelta (795 / 1,755)
    │   │   │           │   │─(I)─ GyroFixedPoint.mulDownU (63 / 63)
    │   │   │           │   │─(I)─ GyroFixedPoint.mulDownU (63 / 63)
    │   │   │           │   │─(I)─ GyroFixedPoint.mulDownU (63 / 63)
    │   │   │           │   │─(I)─ GyroFixedPoint.mulDownU (63 / 63)
    │   │   │           │   │─(I)─ GyroFixedPoint.mulDownU (63 / 63)
    │   │   │           │   │─(I)─ GyroFixedPoint.mulDownU (63 / 63)
    │   │   │           │   │─(I)─ GyroFixedPoint.mulDownU (63 / 63)
    │   │   │           │   │─(I)─ GyroFixedPoint.mulDownU (63 / 63)
    │   │   │           │   │─(I)─ GyroFixedPoint.mulDownU (63 / 63)
    │   │   │           │   │─(I)─ GyroFixedPoint.divDownU (89 / 89)
    │   │   │           │   │─(I)─ GyroFixedPoint.mulDownU (63 / 63)
    │   │   │           │   │─(I)─ GyroFixedPoint.mulDownU (63 / 63)
    │   │   │           │   │─(I)─ GyroFixedPoint.divDownU (89 / 89)
    │   │   │           │   └─(I)─ GyroFixedPoint.divDownU (89 / 89)
    │   │   │           │─(I)─ GyroFixedPoint.sub (75 / 75)
    │   │   │           └─(I)─ GyroThreeMath._calcNewtonDelta (795 / 1,755)
    │   │   │               │─(I)─ GyroFixedPoint.mulDownU (63 / 63)
    │   │   │               │─(I)─ GyroFixedPoint.mulDownU (63 / 63)
    │   │   │               │─(I)─ GyroFixedPoint.mulDownU (63 / 63)
    │   │   │               │─(I)─ GyroFixedPoint.mulDownU (63 / 63)
    │   │   │               │─(I)─ GyroFixedPoint.mulDownU (63 / 63)
    │   │   │               │─(I)─ GyroFixedPoint.mulDownU (63 / 63)
    │   │   │               │─(I)─ GyroFixedPoint.mulDownU (63 / 63)
    │   │   │               │─(I)─ GyroFixedPoint.mulDownU (63 / 63)
    │   │   │               │─(I)─ GyroFixedPoint.mulDownU (63 / 63)
    │   │   │               │─(I)─ GyroFixedPoint.divDownU (89 / 89)
    │   │   │               │─(I)─ GyroFixedPoint.mulDownU (63 / 63)
    │   │   │               │─(I)─ GyroFixedPoint.mulDownU (63 / 63)
    │   │   │               │─(I)─ GyroFixedPoint.divDownU (89 / 89)
    │   │   │               └─(I)─ GyroFixedPoint.divDownU (89 / 89)
    │   │   │─(I)─ GyroThreePool._distributeFees (899 / 13,754)
    │   │   │   │─(I)─ GyroThreePool._getDueProtocolFeeAmounts (164 / 12,786)
    │   │   │   │   └─(I)─ GyroThreePool._getFeesMetadata (12,622 / 12,622)
    │   │   │   └─(I)─ GyroThreePool._payFeesBpt (69 / 69)
    │   │   │─(I)─ GyroThreePool._doExit (176 / 3,741)
    │   │   │   │─(I)─ WeightedPoolUserDataHelpers.exitKind (249 / 249)
    │   │   │   └─(I)─ GyroThreePool._exitExactBPTInForTokensOut (118 / 3,316)
    │   │   │       │─(I)─ WeightedPoolUserDataHelpers.exactBptInForTokensOut (430 / 430)
    │   │   │       │─(I)─ ERC20.totalSupply (823 / 823)
    │   │   │       └─(I)─ GyroPoolMath._calcTokensOutGivenExactBptIn (958 / 1,945)
    │   │   │           │─(I)─ GyroFixedPoint.mulDown (152 / 152)
    │   │   │           │─(I)─ GyroFixedPoint.divDown (177 / 177)
    │   │   │           │─(I)─ GyroFixedPoint.mulDown (152 / 152)
    │   │   │           │─(I)─ GyroFixedPoint.divDown (177 / 177)
    │   │   │           │─(I)─ GyroFixedPoint.mulDown (152 / 152)
    │   │   │           └─(I)─ GyroFixedPoint.divDown (177 / 177)
    │   │   │─(I)─ ERC20.totalSupply (823 / 823)
    │   │   └─(I)─ GyroPoolMath.liquidityInvariantUpdate (167 / 571)
    │   │       │─(I)─ GyroFixedPoint.mulDown (152 / 152)
    │   │       │─(I)─ GyroFixedPoint.divDown (177 / 177)
    │   │       └─(I)─ GyroFixedPoint.sub (75 / 75)
    │   └─(I)─ BalancerPoolToken._burnPoolTokens (7,001 / 14,254)
    │       └─(I)─ ERC20._burn (6,959 / 7,253)
    │           │─(I)─ _require (30 / 30)
    │           │─(I)─ ERC20._beforeTokenTransfer (15 / 15)
    │           │─(I)─ SafeMath.sub (81 / 111)
    │           │   └─(I)─ _require (30 / 30)
    │           └─(I)─ SafeMath.sub (108 / 138)
    │               └─(I)─ _require (30 / 30)
    │─(S)─ MockGyroConfig.getUint (327 / 327)
    │─(S)─ MockGyroConfig.getUint (337 / 337)
    │─(S)─ MockGyroConfig.getAddress (276 / 276)
    │─(S)─ MockGyroConfig.getAddress (276 / 276)
    │─(I)─ BasePool._downscaleDownArray (789 / 1,616)
    │   │─(I)─ GyroThreePool._getTotalTokens (23 / 23)
    │   │─(I)─ FixedPoint.divDown (185 / 245)
    │   │   │─(I)─ _require (30 / 30)
    │   │   └─(I)─ _require (30 / 30)
    │   │─(I)─ GyroThreePool._getTotalTokens (23 / 23)
    │   │─(I)─ FixedPoint.divDown (185 / 245)
    │   │   │─(I)─ _require (30 / 30)
    │   │   └─(I)─ _require (30 / 30)
    │   │─(I)─ GyroThreePool._getTotalTokens (23 / 23)
    │   │─(I)─ FixedPoint.divDown (185 / 245)
    │   │   │─(I)─ _require (30 / 30)
    │   │   └─(I)─ _require (30 / 30)
    │   └─(I)─ GyroThreePool._getTotalTokens (23 / 23)
    └─(I)─ BasePool._downscaleDownArray (789 / 1,262)
        │─(I)─ GyroThreePool._getTotalTokens (23 / 23)
        │─(I)─ FixedPoint.divDown (97 / 127)
        │   └─(I)─ _require (30 / 30)
        │─(I)─ GyroThreePool._getTotalTokens (23 / 23)
        │─(I)─ FixedPoint.divDown (97 / 127)
        │   └─(I)─ _require (30 / 30)
        │─(I)─ GyroThreePool._getTotalTokens (23 / 23)
        │─(I)─ FixedPoint.divDown (97 / 127)
        │   └─(I)─ _require (30 / 30)
        └─(I)─ GyroThreePool._getTotalTokens (23 / 23)


Summary:

Operation                            Function                     Gas
-----------------------------------  ------------------------  ------
1: Join (Initial)                    GyroThreePool.onJoinPool  118182
2: Join (Non-Initial After Initial)  GyroThreePool.onJoinPool   81230
3: Swap (After Join)                 GyroThreePool.onSwap       47267
4: Swap (After Swap)                 GyroThreePool.onSwap       47345
5: Join (After Swap)                 GyroThreePool.onJoinPool   66240
6: Swap (Again After Join)           GyroThreePool.onSwap       47308
7: Exit (After Swap)                 GyroThreePool.onExitPool   64545

Terminating local RPC client...
